12:56:20 INFO  : Launching XSDB server: xsdb -n -interactive /home/tsotne/ownCloud/git/ETSE_GDSP/tmp/projects/ETSE_GDSP_DMA/ETSE_GDSP_DMA.sdk/temp_xsdb_launch_script.tcl
12:56:21 INFO  : XSDB server has started successfully.
12:56:21 INFO  : Processing command line option -hwspec /home/tsotne/ownCloud/git/ETSE_GDSP/tmp/projects/ETSE_GDSP_DMA/ETSE_GDSP_DMA.sdk/design_1_wrapper.hdf.
13:55:00 INFO  : Connected to target on host '127.0.0.1' and port '3121'.
13:55:00 INFO  : 'targets -set -filter {jtag_cable_name =~ "Digilent Zed 210248570746" && level==0} -index 1' command is executed.
13:55:02 INFO  : FPGA configured successfully with bitstream "/home/tsotne/ownCloud/git/ETSE_GDSP/tmp/projects/ETSE_GDSP_DMA/ETSE_GDSP_DMA.sdk/design_1_wrapper_hw_platform_0/design_1_wrapper.bit"
15:40:15 INFO  : 'targets -set -filter {jtag_cable_name =~ "Digilent Zed 210248570746" && level==0} -index 1' command is executed.
15:40:15 INFO  : 'fpga -state' command is executed.
15:40:15 INFO  : Connected to target on host '127.0.0.1' and port '3121'.
15:40:16 INFO  : Sourcing of '/home/tsotne/ownCloud/git/ETSE_GDSP/tmp/projects/ETSE_GDSP_DMA/ETSE_GDSP_DMA.sdk/design_1_wrapper_hw_platform_0/ps7_init.tcl' is done.
15:40:16 INFO  : 'targets -set -filter {name =~"APU" && jtag_cable_name =~ "Digilent Zed 210248570746"} -index 0' command is executed.
15:40:16 INFO  : Hardware design information is loaded from '/home/tsotne/ownCloud/git/ETSE_GDSP/tmp/projects/ETSE_GDSP_DMA/ETSE_GDSP_DMA.sdk/design_1_wrapper_hw_platform_0/system.hdf'.
15:40:16 INFO  : 'targets -set -filter {name =~"APU" && jtag_cable_name =~ "Digilent Zed 210248570746"} -index 0' command is executed.
15:40:16 INFO  : 'stop' command is executed.
15:40:17 INFO  : 'ps7_init' command is executed.
15:40:17 INFO  : 'ps7_post_config' command is executed.
15:40:17 INFO  : Context for processor 'ps7_cortexa9_0' is selected.
15:40:17 INFO  : Processor reset is completed for 'ps7_cortexa9_0'.
15:40:18 INFO  : Context for processor 'ps7_cortexa9_0' is selected.
15:40:18 INFO  : The application '/home/tsotne/ownCloud/git/ETSE_GDSP/tmp/projects/ETSE_GDSP_DMA/ETSE_GDSP_DMA.sdk/ETSE_app_2/Debug/ETSE_app_2.elf' is downloaded to processor 'ps7_cortexa9_0'.
15:40:18 INFO  : ----------------XSDB Script----------------
connect -url tcp:127.0.0.1:3121
source /home/tsotne/ownCloud/git/ETSE_GDSP/tmp/projects/ETSE_GDSP_DMA/ETSE_GDSP_DMA.sdk/design_1_wrapper_hw_platform_0/ps7_init.tcl
targets -set -filter {name =~"APU" && jtag_cable_name =~ "Digilent Zed 210248570746"} -index 0
loadhw /home/tsotne/ownCloud/git/ETSE_GDSP/tmp/projects/ETSE_GDSP_DMA/ETSE_GDSP_DMA.sdk/design_1_wrapper_hw_platform_0/system.hdf
targets -set -filter {name =~"APU" && jtag_cable_name =~ "Digilent Zed 210248570746"} -index 0
stop
ps7_init
ps7_post_config
targets -set -nocase -filter {name =~ "ARM*#0" && jtag_cable_name =~ "Digilent Zed 210248570746"} -index 0
rst -processor
targets -set -nocase -filter {name =~ "ARM*#0" && jtag_cable_name =~ "Digilent Zed 210248570746"} -index 0
dow /home/tsotne/ownCloud/git/ETSE_GDSP/tmp/projects/ETSE_GDSP_DMA/ETSE_GDSP_DMA.sdk/ETSE_app_2/Debug/ETSE_app_2.elf
----------------End of Script----------------

15:40:18 INFO  : Memory regions updated for context APU
15:40:18 INFO  : Context for processor 'ps7_cortexa9_0' is selected.
15:40:18 INFO  : 'con' command is executed.
15:40:18 INFO  : ----------------XSDB Script (After Launch)----------------
targets -set -nocase -filter {name =~ "ARM*#0" && jtag_cable_name =~ "Digilent Zed 210248570746"} -index 0
con
----------------End of Script----------------

15:42:46 INFO  : Disconnected from the channel tcfchan#1.
15:42:47 INFO  : 'targets -set -filter {jtag_cable_name =~ "Digilent Zed 210248570746" && level==0} -index 1' command is executed.
15:42:47 INFO  : 'fpga -state' command is executed.
15:42:47 INFO  : Connected to target on host '127.0.0.1' and port '3121'.
15:42:47 INFO  : Sourcing of '/home/tsotne/ownCloud/git/ETSE_GDSP/tmp/projects/ETSE_GDSP_DMA/ETSE_GDSP_DMA.sdk/design_1_wrapper_hw_platform_0/ps7_init.tcl' is done.
15:42:47 INFO  : 'targets -set -filter {name =~"APU" && jtag_cable_name =~ "Digilent Zed 210248570746"} -index 0' command is executed.
15:42:49 INFO  : Hardware design information is loaded from '/home/tsotne/ownCloud/git/ETSE_GDSP/tmp/projects/ETSE_GDSP_DMA/ETSE_GDSP_DMA.sdk/design_1_wrapper_hw_platform_0/system.hdf'.
15:42:49 INFO  : 'targets -set -filter {name =~"APU" && jtag_cable_name =~ "Digilent Zed 210248570746"} -index 0' command is executed.
15:42:49 INFO  : 'stop' command is executed.
15:42:50 INFO  : 'ps7_init' command is executed.
15:42:50 INFO  : 'ps7_post_config' command is executed.
15:42:50 INFO  : Context for processor 'ps7_cortexa9_0' is selected.
15:42:50 INFO  : Processor reset is completed for 'ps7_cortexa9_0'.
15:42:51 INFO  : Context for processor 'ps7_cortexa9_0' is selected.
15:42:51 INFO  : The application '/home/tsotne/ownCloud/git/ETSE_GDSP/tmp/projects/ETSE_GDSP_DMA/ETSE_GDSP_DMA.sdk/ETSE_app_2/Debug/ETSE_app_2.elf' is downloaded to processor 'ps7_cortexa9_0'.
15:42:51 INFO  : ----------------XSDB Script----------------
connect -url tcp:127.0.0.1:3121
source /home/tsotne/ownCloud/git/ETSE_GDSP/tmp/projects/ETSE_GDSP_DMA/ETSE_GDSP_DMA.sdk/design_1_wrapper_hw_platform_0/ps7_init.tcl
targets -set -filter {name =~"APU" && jtag_cable_name =~ "Digilent Zed 210248570746"} -index 0
loadhw /home/tsotne/ownCloud/git/ETSE_GDSP/tmp/projects/ETSE_GDSP_DMA/ETSE_GDSP_DMA.sdk/design_1_wrapper_hw_platform_0/system.hdf
targets -set -filter {name =~"APU" && jtag_cable_name =~ "Digilent Zed 210248570746"} -index 0
stop
ps7_init
ps7_post_config
targets -set -nocase -filter {name =~ "ARM*#0" && jtag_cable_name =~ "Digilent Zed 210248570746"} -index 0
rst -processor
targets -set -nocase -filter {name =~ "ARM*#0" && jtag_cable_name =~ "Digilent Zed 210248570746"} -index 0
dow /home/tsotne/ownCloud/git/ETSE_GDSP/tmp/projects/ETSE_GDSP_DMA/ETSE_GDSP_DMA.sdk/ETSE_app_2/Debug/ETSE_app_2.elf
----------------End of Script----------------

15:42:51 INFO  : Memory regions updated for context APU
15:42:51 INFO  : Context for processor 'ps7_cortexa9_0' is selected.
15:42:51 INFO  : 'con' command is executed.
15:42:51 INFO  : ----------------XSDB Script (After Launch)----------------
targets -set -nocase -filter {name =~ "ARM*#0" && jtag_cable_name =~ "Digilent Zed 210248570746"} -index 0
con
----------------End of Script----------------

