#-----------------------------------------------------------
# Vivado v2016.1 (64-bit)
# SW Build 1538259 on Fri Apr  8 15:45:23 MDT 2016
# IP Build 1537824 on Fri Apr  8 04:28:57 MDT 2016
# Start of session at: Fri Jan 27 12:31:49 2017
# Process ID: 13652
# Current directory: /home/tsotne/ownCloud/git/ETSE_GDSP
# Command line: vivado
# Log file: /home/tsotne/ownCloud/git/ETSE_GDSP/vivado.log
# Journal file: /home/tsotne/ownCloud/git/ETSE_GDSP/vivado.jou
#-----------------------------------------------------------
start_gui
open_project /home/tsotne/ownCloud/git/ETSE_GDSP/tmp/projects/ETSE_GDSP_DMA/ETSE_GDSP_DMA.xpr
Scanning sources...
Finished scanning sources
INFO: [IP_Flow 19-234] Refreshing IP repositories
INFO: [IP_Flow 19-1700] Loaded user IP repository '/home/tsotne/ownCloud/git/ETSE_GDSP/tmp/ip_repo'.
INFO: [IP_Flow 19-2313] Loaded Vivado IP repository '/cad/x_16/Vivado/2016.1/data/ip'.
open_project: Time (s): cpu = 00:00:25 ; elapsed = 00:00:14 . Memory (MB): peak = 5981.715 ; gain = 164.754 ; free physical = 347 ; free virtual = 864247
update_compile_order -fileset sources_1
launch_sdk -workspace /home/tsotne/ownCloud/git/ETSE_GDSP/tmp/projects/ETSE_GDSP_DMA/ETSE_GDSP_DMA.sdk -hwspec /home/tsotne/ownCloud/git/ETSE_GDSP/tmp/projects/ETSE_GDSP_DMA/ETSE_GDSP_DMA.sdk/design_1_wrapper.hdf
INFO: [Vivado 12-393] Launching SDK...
INFO: [Vivado 12-417] Running xsdk -workspace /home/tsotne/ownCloud/git/ETSE_GDSP/tmp/projects/ETSE_GDSP_DMA/ETSE_GDSP_DMA.sdk -hwspec /home/tsotne/ownCloud/git/ETSE_GDSP/tmp/projects/ETSE_GDSP_DMA/ETSE_GDSP_DMA.sdk/design_1_wrapper.hdf
INFO: [Vivado 12-3157] SDK launch initiated. Please check console for any further messages.
