ISim log file
Running: /home/tsotne/git/ETSE_GDSP/Matrix_for_RBM/MATRIX_MUL_IP_CORE_S_INT/TB_MATRIX_MUL_IP_CORE_S_INT_isim_beh.exe -intstyle ise -gui -tclbatch isim.cmd -wdb /home/tsotne/git/ETSE_GDSP/Matrix_for_RBM/MATRIX_MUL_IP_CORE_S_INT/TB_MATRIX_MUL_IP_CORE_S_INT_isim_beh.wdb 
ISim P.20131013 (signature 0xfbc00daa)
This is a Full version of ISim.
Time resolution is 1 ps
# onerror resume
# wave add /
# run 11000 ns
Simulator is doing circuit initialization process.
at 0 ps: Note: COLS number: 4 (/tb_matrix_mul_ip_core_s_int/).
at 0 ps: Note: ROWS number:4 (/tb_matrix_mul_ip_core_s_int/).
at 0 ps, Instance /tb_matrix_mul_ip_core_s_int/uut/FIRST_DSP/U0/ : Warning: NUMERIC_STD.TO_INTEGER: metavalue detected, returning 0
at 0 ps, Instance /tb_matrix_mul_ip_core_s_int/uut/\block_a_dsp_gen(1)\/DSP/U0/ : Warning: NUMERIC_STD.TO_INTEGER: metavalue detected, returning 0
at 0 ps, Instance /tb_matrix_mul_ip_core_s_int/uut/\block_a_dsp_gen(2)\/DSP/U0/ : Warning: NUMERIC_STD.TO_INTEGER: metavalue detected, returning 0
Finished circuit initialization process.
at 5 ns(1), Instance /tb_matrix_mul_ip_core_s_int/uut/\block_a_mem_gen(0)\/MEMA/ : Warning: NUMERIC_STD.">": metavalue detected, returning FALSE
at 5 ns(1), Instance /tb_matrix_mul_ip_core_s_int/uut/\block_a_mem_gen(0)\/MEMA/ : Warning: NUMERIC_STD.TO_INTEGER: metavalue detected, returning 0
at 5 ns(1), Instance /tb_matrix_mul_ip_core_s_int/uut/\block_a_mem_gen(0)\/MEMA/BMG_PORT/U0/native_mem_module/mem_module/ : Warning: There is an 'U'|'X'|'W'|'Z'|'-' in an arithmetic operand, the result will be 'X'(es).
at 5 ns(1), Instance /tb_matrix_mul_ip_core_s_int/uut/\block_a_mem_gen(0)\/MEMA/BMG_PORT/U0/native_mem_module/mem_module/ : Warning: CONV_INTEGER: There is an 'U'|'X'|'W'|'Z'|'-' in an arithmetic operand, and it has been converted to 0.
at 5 ns(1): Note: Block Memory Generator CORE Generator module is using a behavioral model FOR simulation which will not precisely model memory collision behavior. (/tb_matrix_mul_ip_core_s_int/uut/\block_a_mem_gen(0)\/MEMA/BMG_PORT/U0/native_mem_module/mem_module/).
at 5 ns(1), Instance /tb_matrix_mul_ip_core_s_int/uut/\block_a_mem_gen(0)\/MEMA/BMG_PORT/U0/native_mem_module/mem_module/ : Warning: CONV_INTEGER: There is an 'U'|'X'|'W'|'Z'|'-' in an arithmetic operand, and it has been converted to 0.
at 5 ns(1), Instance /tb_matrix_mul_ip_core_s_int/uut/\block_a_mem_gen(0)\/MEMA/BMG_PORT/U0/native_mem_module/mem_module/ : Warning: CONV_INTEGER: There is an 'U'|'X'|'W'|'Z'|'-' in an arithmetic operand, and it has been converted to 0.
at 5 ns(1), Instance /tb_matrix_mul_ip_core_s_int/uut/\block_a_mem_gen(0)\/MEMA/BMG_PORT/U0/native_mem_module/mem_module/ : Warning: CONV_INTEGER: There is an 'U'|'X'|'W'|'Z'|'-' in an arithmetic operand, and it has been converted to 0.
at 5 ns(1), Instance /tb_matrix_mul_ip_core_s_int/uut/\block_a_mem_gen(1)\/MEMA/ : Warning: NUMERIC_STD.">": metavalue detected, returning FALSE
at 5 ns(1), Instance /tb_matrix_mul_ip_core_s_int/uut/\block_a_mem_gen(1)\/MEMA/ : Warning: NUMERIC_STD.TO_INTEGER: metavalue detected, returning 0
at 5 ns(1), Instance /tb_matrix_mul_ip_core_s_int/uut/\block_a_mem_gen(1)\/MEMA/BMG_PORT/U0/native_mem_module/mem_module/ : Warning: CONV_INTEGER: There is an 'U'|'X'|'W'|'Z'|'-' in an arithmetic operand, and it has been converted to 0.
at 5 ns(1): Note: Block Memory Generator CORE Generator module is using a behavioral model FOR simulation which will not precisely model memory collision behavior. (/tb_matrix_mul_ip_core_s_int/uut/\block_a_mem_gen(1)\/MEMA/BMG_PORT/U0/native_mem_module/mem_module/).
at 5 ns(1), Instance /tb_matrix_mul_ip_core_s_int/uut/\block_a_mem_gen(1)\/MEMA/BMG_PORT/U0/native_mem_module/mem_module/ : Warning: CONV_INTEGER: There is an 'U'|'X'|'W'|'Z'|'-' in an arithmetic operand, and it has been converted to 0.
at 5 ns(1), Instance /tb_matrix_mul_ip_core_s_int/uut/\block_a_mem_gen(1)\/MEMA/BMG_PORT/U0/native_mem_module/mem_module/ : Warning: CONV_INTEGER: There is an 'U'|'X'|'W'|'Z'|'-' in an arithmetic operand, and it has been converted to 0.
at 5 ns(1), Instance /tb_matrix_mul_ip_core_s_int/uut/\block_a_mem_gen(1)\/MEMA/BMG_PORT/U0/native_mem_module/mem_module/ : Warning: CONV_INTEGER: There is an 'U'|'X'|'W'|'Z'|'-' in an arithmetic operand, and it has been converted to 0.
at 5 ns(1), Instance /tb_matrix_mul_ip_core_s_int/uut/\block_a_mem_gen(2)\/MEMA/ : Warning: NUMERIC_STD.">": metavalue detected, returning FALSE
at 5 ns(1), Instance /tb_matrix_mul_ip_core_s_int/uut/\block_a_mem_gen(2)\/MEMA/ : Warning: NUMERIC_STD.TO_INTEGER: metavalue detected, returning 0
at 5 ns(1), Instance /tb_matrix_mul_ip_core_s_int/uut/\block_a_mem_gen(2)\/MEMA/BMG_PORT/U0/native_mem_module/mem_module/ : Warning: CONV_INTEGER: There is an 'U'|'X'|'W'|'Z'|'-' in an arithmetic operand, and it has been converted to 0.
at 5 ns(1): Note: Block Memory Generator CORE Generator module is using a behavioral model FOR simulation which will not precisely model memory collision behavior. (/tb_matrix_mul_ip_core_s_int/uut/\block_a_mem_gen(2)\/MEMA/BMG_PORT/U0/native_mem_module/mem_module/).
at 5 ns(1), Instance /tb_matrix_mul_ip_core_s_int/uut/\block_a_mem_gen(2)\/MEMA/BMG_PORT/U0/native_mem_module/mem_module/ : Warning: CONV_INTEGER: There is an 'U'|'X'|'W'|'Z'|'-' in an arithmetic operand, and it has been converted to 0.
at 5 ns(1), Instance /tb_matrix_mul_ip_core_s_int/uut/\block_a_mem_gen(2)\/MEMA/BMG_PORT/U0/native_mem_module/mem_module/ : Warning: CONV_INTEGER: There is an 'U'|'X'|'W'|'Z'|'-' in an arithmetic operand, and it has been converted to 0.
at 5 ns(1), Instance /tb_matrix_mul_ip_core_s_int/uut/\block_a_mem_gen(2)\/MEMA/BMG_PORT/U0/native_mem_module/mem_module/ : Warning: CONV_INTEGER: There is an 'U'|'X'|'W'|'Z'|'-' in an arithmetic operand, and it has been converted to 0.
at 15 ns(1), Instance /tb_matrix_mul_ip_core_s_int/uut/\block_a_mem_gen(0)\/MEMA/ : Warning: NUMERIC_STD.TO_INTEGER: metavalue detected, returning 0
at 15 ns(1), Instance /tb_matrix_mul_ip_core_s_int/uut/\block_a_mem_gen(1)\/MEMA/ : Warning: NUMERIC_STD.TO_INTEGER: metavalue detected, returning 0
at 15 ns(1), Instance /tb_matrix_mul_ip_core_s_int/uut/\block_a_mem_gen(2)\/MEMA/ : Warning: NUMERIC_STD.TO_INTEGER: metavalue detected, returning 0
at 25 ns(1), Instance /tb_matrix_mul_ip_core_s_int/uut/\block_a_mem_gen(0)\/MEMA/ : Warning: NUMERIC_STD.TO_INTEGER: metavalue detected, returning 0
at 25 ns(1), Instance /tb_matrix_mul_ip_core_s_int/uut/\block_a_mem_gen(1)\/MEMA/ : Warning: NUMERIC_STD.TO_INTEGER: metavalue detected, returning 0
at 25 ns(1), Instance /tb_matrix_mul_ip_core_s_int/uut/\block_a_mem_gen(2)\/MEMA/ : Warning: NUMERIC_STD.TO_INTEGER: metavalue detected, returning 0
at 35 ns(1), Instance /tb_matrix_mul_ip_core_s_int/uut/\block_a_mem_gen(0)\/MEMA/ : Warning: NUMERIC_STD.TO_INTEGER: metavalue detected, returning 0
at 35 ns(1), Instance /tb_matrix_mul_ip_core_s_int/uut/\block_a_mem_gen(1)\/MEMA/ : Warning: NUMERIC_STD.TO_INTEGER: metavalue detected, returning 0
at 35 ns(1), Instance /tb_matrix_mul_ip_core_s_int/uut/\block_a_mem_gen(2)\/MEMA/ : Warning: NUMERIC_STD.TO_INTEGER: metavalue detected, returning 0
at 45 ns(1), Instance /tb_matrix_mul_ip_core_s_int/uut/\block_a_mem_gen(0)\/MEMA/ : Warning: NUMERIC_STD.TO_INTEGER: metavalue detected, returning 0
at 45 ns(1), Instance /tb_matrix_mul_ip_core_s_int/uut/\block_a_mem_gen(1)\/MEMA/ : Warning: NUMERIC_STD.TO_INTEGER: metavalue detected, returning 0
at 45 ns(1), Instance /tb_matrix_mul_ip_core_s_int/uut/\block_a_mem_gen(2)\/MEMA/ : Warning: NUMERIC_STD.TO_INTEGER: metavalue detected, returning 0
at 55 ns(1), Instance /tb_matrix_mul_ip_core_s_int/uut/\block_a_mem_gen(0)\/MEMA/ : Warning: NUMERIC_STD.TO_INTEGER: metavalue detected, returning 0
at 55 ns(1), Instance /tb_matrix_mul_ip_core_s_int/uut/\block_a_mem_gen(1)\/MEMA/ : Warning: NUMERIC_STD.TO_INTEGER: metavalue detected, returning 0
at 55 ns(1), Instance /tb_matrix_mul_ip_core_s_int/uut/\block_a_mem_gen(2)\/MEMA/ : Warning: NUMERIC_STD.TO_INTEGER: metavalue detected, returning 0
at 65 ns(1), Instance /tb_matrix_mul_ip_core_s_int/uut/\block_a_mem_gen(0)\/MEMA/ : Warning: NUMERIC_STD.TO_INTEGER: metavalue detected, returning 0
at 65 ns(1), Instance /tb_matrix_mul_ip_core_s_int/uut/\block_a_mem_gen(1)\/MEMA/ : Warning: NUMERIC_STD.TO_INTEGER: metavalue detected, returning 0
at 65 ns(1), Instance /tb_matrix_mul_ip_core_s_int/uut/\block_a_mem_gen(2)\/MEMA/ : Warning: NUMERIC_STD.TO_INTEGER: metavalue detected, returning 0
at 75 ns(1), Instance /tb_matrix_mul_ip_core_s_int/uut/\block_a_mem_gen(0)\/MEMA/ : Warning: NUMERIC_STD.TO_INTEGER: metavalue detected, returning 0
at 75 ns(1), Instance /tb_matrix_mul_ip_core_s_int/uut/\block_a_mem_gen(1)\/MEMA/ : Warning: NUMERIC_STD.TO_INTEGER: metavalue detected, returning 0
at 75 ns(1), Instance /tb_matrix_mul_ip_core_s_int/uut/\block_a_mem_gen(2)\/MEMA/ : Warning: NUMERIC_STD.TO_INTEGER: metavalue detected, returning 0
at 85 ns(1), Instance /tb_matrix_mul_ip_core_s_int/uut/\block_a_mem_gen(0)\/MEMA/ : Warning: NUMERIC_STD.TO_INTEGER: metavalue detected, returning 0
at 85 ns(1), Instance /tb_matrix_mul_ip_core_s_int/uut/\block_a_mem_gen(1)\/MEMA/ : Warning: NUMERIC_STD.TO_INTEGER: metavalue detected, returning 0
at 85 ns(1), Instance /tb_matrix_mul_ip_core_s_int/uut/\block_a_mem_gen(2)\/MEMA/ : Warning: NUMERIC_STD.TO_INTEGER: metavalue detected, returning 0
INFO: Simulator is stopped.
# run 1.00us
INFO: Simulator is stopped.
# restart
# run 1.00us
Simulator is doing circuit initialization process.
at 0 ps: Note: COLS number: 4 (/tb_matrix_mul_ip_core_s_int/).
at 0 ps: Note: ROWS number:4 (/tb_matrix_mul_ip_core_s_int/).
at 0 ps, Instance /tb_matrix_mul_ip_core_s_int/uut/FIRST_DSP/U0/ : Warning: NUMERIC_STD.TO_INTEGER: metavalue detected, returning 0
at 0 ps, Instance /tb_matrix_mul_ip_core_s_int/uut/\block_a_dsp_gen(1)\/DSP/U0/ : Warning: NUMERIC_STD.TO_INTEGER: metavalue detected, returning 0
at 0 ps, Instance /tb_matrix_mul_ip_core_s_int/uut/\block_a_dsp_gen(2)\/DSP/U0/ : Warning: NUMERIC_STD.TO_INTEGER: metavalue detected, returning 0
Finished circuit initialization process.
at 5 ns(1), Instance /tb_matrix_mul_ip_core_s_int/uut/\block_a_mem_gen(0)\/MEMA/ : Warning: NUMERIC_STD.">": metavalue detected, returning FALSE
at 5 ns(1), Instance /tb_matrix_mul_ip_core_s_int/uut/\block_a_mem_gen(0)\/MEMA/ : Warning: NUMERIC_STD.TO_INTEGER: metavalue detected, returning 0
at 5 ns(1), Instance /tb_matrix_mul_ip_core_s_int/uut/\block_a_mem_gen(0)\/MEMA/BMG_PORT/U0/native_mem_module/mem_module/ : Warning: CONV_INTEGER: There is an 'U'|'X'|'W'|'Z'|'-' in an arithmetic operand, and it has been converted to 0.
at 5 ns(1): Note: Block Memory Generator CORE Generator module is using a behavioral model FOR simulation which will not precisely model memory collision behavior. (/tb_matrix_mul_ip_core_s_int/uut/\block_a_mem_gen(0)\/MEMA/BMG_PORT/U0/native_mem_module/mem_module/).
at 5 ns(1), Instance /tb_matrix_mul_ip_core_s_int/uut/\block_a_mem_gen(0)\/MEMA/BMG_PORT/U0/native_mem_module/mem_module/ : Warning: CONV_INTEGER: There is an 'U'|'X'|'W'|'Z'|'-' in an arithmetic operand, and it has been converted to 0.
at 5 ns(1), Instance /tb_matrix_mul_ip_core_s_int/uut/\block_a_mem_gen(0)\/MEMA/BMG_PORT/U0/native_mem_module/mem_module/ : Warning: CONV_INTEGER: There is an 'U'|'X'|'W'|'Z'|'-' in an arithmetic operand, and it has been converted to 0.
at 5 ns(1), Instance /tb_matrix_mul_ip_core_s_int/uut/\block_a_mem_gen(0)\/MEMA/BMG_PORT/U0/native_mem_module/mem_module/ : Warning: CONV_INTEGER: There is an 'U'|'X'|'W'|'Z'|'-' in an arithmetic operand, and it has been converted to 0.
at 5 ns(1), Instance /tb_matrix_mul_ip_core_s_int/uut/\block_a_mem_gen(1)\/MEMA/ : Warning: NUMERIC_STD.">": metavalue detected, returning FALSE
at 5 ns(1), Instance /tb_matrix_mul_ip_core_s_int/uut/\block_a_mem_gen(1)\/MEMA/ : Warning: NUMERIC_STD.TO_INTEGER: metavalue detected, returning 0
at 5 ns(1), Instance /tb_matrix_mul_ip_core_s_int/uut/\block_a_mem_gen(1)\/MEMA/BMG_PORT/U0/native_mem_module/mem_module/ : Warning: CONV_INTEGER: There is an 'U'|'X'|'W'|'Z'|'-' in an arithmetic operand, and it has been converted to 0.
at 5 ns(1): Note: Block Memory Generator CORE Generator module is using a behavioral model FOR simulation which will not precisely model memory collision behavior. (/tb_matrix_mul_ip_core_s_int/uut/\block_a_mem_gen(1)\/MEMA/BMG_PORT/U0/native_mem_module/mem_module/).
at 5 ns(1), Instance /tb_matrix_mul_ip_core_s_int/uut/\block_a_mem_gen(1)\/MEMA/BMG_PORT/U0/native_mem_module/mem_module/ : Warning: CONV_INTEGER: There is an 'U'|'X'|'W'|'Z'|'-' in an arithmetic operand, and it has been converted to 0.
at 5 ns(1), Instance /tb_matrix_mul_ip_core_s_int/uut/\block_a_mem_gen(1)\/MEMA/BMG_PORT/U0/native_mem_module/mem_module/ : Warning: CONV_INTEGER: There is an 'U'|'X'|'W'|'Z'|'-' in an arithmetic operand, and it has been converted to 0.
at 5 ns(1), Instance /tb_matrix_mul_ip_core_s_int/uut/\block_a_mem_gen(1)\/MEMA/BMG_PORT/U0/native_mem_module/mem_module/ : Warning: CONV_INTEGER: There is an 'U'|'X'|'W'|'Z'|'-' in an arithmetic operand, and it has been converted to 0.
at 5 ns(1), Instance /tb_matrix_mul_ip_core_s_int/uut/\block_a_mem_gen(2)\/MEMA/ : Warning: NUMERIC_STD.">": metavalue detected, returning FALSE
at 5 ns(1), Instance /tb_matrix_mul_ip_core_s_int/uut/\block_a_mem_gen(2)\/MEMA/ : Warning: NUMERIC_STD.TO_INTEGER: metavalue detected, returning 0
at 5 ns(1), Instance /tb_matrix_mul_ip_core_s_int/uut/\block_a_mem_gen(2)\/MEMA/BMG_PORT/U0/native_mem_module/mem_module/ : Warning: CONV_INTEGER: There is an 'U'|'X'|'W'|'Z'|'-' in an arithmetic operand, and it has been converted to 0.
at 5 ns(1): Note: Block Memory Generator CORE Generator module is using a behavioral model FOR simulation which will not precisely model memory collision behavior. (/tb_matrix_mul_ip_core_s_int/uut/\block_a_mem_gen(2)\/MEMA/BMG_PORT/U0/native_mem_module/mem_module/).
at 5 ns(1), Instance /tb_matrix_mul_ip_core_s_int/uut/\block_a_mem_gen(2)\/MEMA/BMG_PORT/U0/native_mem_module/mem_module/ : Warning: CONV_INTEGER: There is an 'U'|'X'|'W'|'Z'|'-' in an arithmetic operand, and it has been converted to 0.
at 5 ns(1), Instance /tb_matrix_mul_ip_core_s_int/uut/\block_a_mem_gen(2)\/MEMA/BMG_PORT/U0/native_mem_module/mem_module/ : Warning: CONV_INTEGER: There is an 'U'|'X'|'W'|'Z'|'-' in an arithmetic operand, and it has been converted to 0.
at 5 ns(1), Instance /tb_matrix_mul_ip_core_s_int/uut/\block_a_mem_gen(2)\/MEMA/BMG_PORT/U0/native_mem_module/mem_module/ : Warning: CONV_INTEGER: There is an 'U'|'X'|'W'|'Z'|'-' in an arithmetic operand, and it has been converted to 0.
at 15 ns(1), Instance /tb_matrix_mul_ip_core_s_int/uut/\block_a_mem_gen(0)\/MEMA/ : Warning: NUMERIC_STD.TO_INTEGER: metavalue detected, returning 0
at 15 ns(1), Instance /tb_matrix_mul_ip_core_s_int/uut/\block_a_mem_gen(1)\/MEMA/ : Warning: NUMERIC_STD.TO_INTEGER: metavalue detected, returning 0
at 15 ns(1), Instance /tb_matrix_mul_ip_core_s_int/uut/\block_a_mem_gen(2)\/MEMA/ : Warning: NUMERIC_STD.TO_INTEGER: metavalue detected, returning 0
at 25 ns(1), Instance /tb_matrix_mul_ip_core_s_int/uut/\block_a_mem_gen(0)\/MEMA/ : Warning: NUMERIC_STD.TO_INTEGER: metavalue detected, returning 0
at 25 ns(1), Instance /tb_matrix_mul_ip_core_s_int/uut/\block_a_mem_gen(1)\/MEMA/ : Warning: NUMERIC_STD.TO_INTEGER: metavalue detected, returning 0
at 25 ns(1), Instance /tb_matrix_mul_ip_core_s_int/uut/\block_a_mem_gen(2)\/MEMA/ : Warning: NUMERIC_STD.TO_INTEGER: metavalue detected, returning 0
at 35 ns(1), Instance /tb_matrix_mul_ip_core_s_int/uut/\block_a_mem_gen(0)\/MEMA/ : Warning: NUMERIC_STD.TO_INTEGER: metavalue detected, returning 0
at 35 ns(1), Instance /tb_matrix_mul_ip_core_s_int/uut/\block_a_mem_gen(1)\/MEMA/ : Warning: NUMERIC_STD.TO_INTEGER: metavalue detected, returning 0
at 35 ns(1), Instance /tb_matrix_mul_ip_core_s_int/uut/\block_a_mem_gen(2)\/MEMA/ : Warning: NUMERIC_STD.TO_INTEGER: metavalue detected, returning 0
at 45 ns(1), Instance /tb_matrix_mul_ip_core_s_int/uut/\block_a_mem_gen(0)\/MEMA/ : Warning: NUMERIC_STD.TO_INTEGER: metavalue detected, returning 0
at 45 ns(1), Instance /tb_matrix_mul_ip_core_s_int/uut/\block_a_mem_gen(1)\/MEMA/ : Warning: NUMERIC_STD.TO_INTEGER: metavalue detected, returning 0
at 45 ns(1), Instance /tb_matrix_mul_ip_core_s_int/uut/\block_a_mem_gen(2)\/MEMA/ : Warning: NUMERIC_STD.TO_INTEGER: metavalue detected, returning 0
at 55 ns(1), Instance /tb_matrix_mul_ip_core_s_int/uut/\block_a_mem_gen(0)\/MEMA/ : Warning: NUMERIC_STD.TO_INTEGER: metavalue detected, returning 0
at 55 ns(1), Instance /tb_matrix_mul_ip_core_s_int/uut/\block_a_mem_gen(1)\/MEMA/ : Warning: NUMERIC_STD.TO_INTEGER: metavalue detected, returning 0
at 55 ns(1), Instance /tb_matrix_mul_ip_core_s_int/uut/\block_a_mem_gen(2)\/MEMA/ : Warning: NUMERIC_STD.TO_INTEGER: metavalue detected, returning 0
at 65 ns(1), Instance /tb_matrix_mul_ip_core_s_int/uut/\block_a_mem_gen(0)\/MEMA/ : Warning: NUMERIC_STD.TO_INTEGER: metavalue detected, returning 0
at 65 ns(1), Instance /tb_matrix_mul_ip_core_s_int/uut/\block_a_mem_gen(1)\/MEMA/ : Warning: NUMERIC_STD.TO_INTEGER: metavalue detected, returning 0
at 65 ns(1), Instance /tb_matrix_mul_ip_core_s_int/uut/\block_a_mem_gen(2)\/MEMA/ : Warning: NUMERIC_STD.TO_INTEGER: metavalue detected, returning 0
at 75 ns(1), Instance /tb_matrix_mul_ip_core_s_int/uut/\block_a_mem_gen(0)\/MEMA/ : Warning: NUMERIC_STD.TO_INTEGER: metavalue detected, returning 0
at 75 ns(1), Instance /tb_matrix_mul_ip_core_s_int/uut/\block_a_mem_gen(1)\/MEMA/ : Warning: NUMERIC_STD.TO_INTEGER: metavalue detected, returning 0
at 75 ns(1), Instance /tb_matrix_mul_ip_core_s_int/uut/\block_a_mem_gen(2)\/MEMA/ : Warning: NUMERIC_STD.TO_INTEGER: metavalue detected, returning 0
at 85 ns(1), Instance /tb_matrix_mul_ip_core_s_int/uut/\block_a_mem_gen(0)\/MEMA/ : Warning: NUMERIC_STD.TO_INTEGER: metavalue detected, returning 0
at 85 ns(1), Instance /tb_matrix_mul_ip_core_s_int/uut/\block_a_mem_gen(1)\/MEMA/ : Warning: NUMERIC_STD.TO_INTEGER: metavalue detected, returning 0
at 85 ns(1), Instance /tb_matrix_mul_ip_core_s_int/uut/\block_a_mem_gen(2)\/MEMA/ : Warning: NUMERIC_STD.TO_INTEGER: metavalue detected, returning 0
INFO: Simulator is stopped.
# run 1.00ns
INFO: Simulator is stopped.
# run 100ns
INFO: Simulator is stopped.
# run 100 ns
INFO: Simulator is stopped.
# exit 0
