
*** Running vivado
    with args -log xbip_dsp48_macro_0.vds -m64 -mode batch -messageDb vivado.pb -notrace -source xbip_dsp48_macro_0.tcl

INFO: [Common 17-701] A license check has taken more than 10 seconds to complete. This may indicate that there is a performance issue with one or more license servers listed in XILINXD_LICENSE_FILE or LM_LICENSE_FILE, or that the license servers are just not responding at all. Try setting the FLEXLM_DIAGNOSTICS environment variable to 3 and running Vivado again to get more information.

****** Vivado v2015.2 (64-bit)
  **** SW Build 1266856 on Fri Jun 26 16:35:25 MDT 2015
  **** IP Build 1264090 on Wed Jun 24 14:22:01 MDT 2015
    ** Copyright 1986-2015 Xilinx, Inc. All Rights Reserved.

source xbip_dsp48_macro_0.tcl -notrace
INFO: [IP_Flow 19-234] Refreshing IP repositories
INFO: [IP_Flow 19-1704] No user IP repositories specified
INFO: [IP_Flow 19-2313] Loaded Vivado IP repository '/opt/Xilinx/Vivado/2015.2/data/ip'.
WARNING: [IP_Flow 19-3664] IP 'xbip_dsp48_macro_0' generated file not found '/home/tsotne/git/ETSE_GDSP/Matrix_for_RBM/MATRIX_MUL_IP_CORE_S_INT/ETSE_GDSP_TCL/ETSE_GDSP_TCL.srcs/sources_1/ip/xbip_dsp48_macro_0/xbip_dsp48_macro_0.dcp'. Please regenerate to continue.
WARNING: [IP_Flow 19-3664] IP 'xbip_dsp48_macro_0' generated file not found '/home/tsotne/git/ETSE_GDSP/Matrix_for_RBM/MATRIX_MUL_IP_CORE_S_INT/ETSE_GDSP_TCL/ETSE_GDSP_TCL.srcs/sources_1/ip/xbip_dsp48_macro_0/xbip_dsp48_macro_0_stub.v'. Please regenerate to continue.
WARNING: [IP_Flow 19-3664] IP 'xbip_dsp48_macro_0' generated file not found '/home/tsotne/git/ETSE_GDSP/Matrix_for_RBM/MATRIX_MUL_IP_CORE_S_INT/ETSE_GDSP_TCL/ETSE_GDSP_TCL.srcs/sources_1/ip/xbip_dsp48_macro_0/xbip_dsp48_macro_0_stub.vhdl'. Please regenerate to continue.
WARNING: [IP_Flow 19-3664] IP 'xbip_dsp48_macro_0' generated file not found '/home/tsotne/git/ETSE_GDSP/Matrix_for_RBM/MATRIX_MUL_IP_CORE_S_INT/ETSE_GDSP_TCL/ETSE_GDSP_TCL.srcs/sources_1/ip/xbip_dsp48_macro_0/xbip_dsp48_macro_0_funcsim.v'. Please regenerate to continue.
WARNING: [IP_Flow 19-3664] IP 'xbip_dsp48_macro_0' generated file not found '/home/tsotne/git/ETSE_GDSP/Matrix_for_RBM/MATRIX_MUL_IP_CORE_S_INT/ETSE_GDSP_TCL/ETSE_GDSP_TCL.srcs/sources_1/ip/xbip_dsp48_macro_0/xbip_dsp48_macro_0_funcsim.vhdl'. Please regenerate to continue.
Command: synth_design -top xbip_dsp48_macro_0 -part xc7vx485tffg1157-2 -mode out_of_context
Starting synth_design
Attempting to get a license for feature 'Synthesis' and/or device 'xc7vx485t'
INFO: [Common 17-349] Got license for feature 'Synthesis' and/or device 'xc7vx485t'
INFO: [Common 17-86] Your Synthesis license expires in 23 day(s)
---------------------------------------------------------------------------------
Starting RTL Elaboration : Time (s): cpu = 00:00:07 ; elapsed = 00:01:28 . Memory (MB): peak = 983.840 ; gain = 163.008 ; free physical = 111 ; free virtual = 9243
---------------------------------------------------------------------------------
INFO: [Synth 8-638] synthesizing module 'xbip_dsp48_macro_0' [/home/tsotne/git/ETSE_GDSP/Matrix_for_RBM/MATRIX_MUL_IP_CORE_S_INT/ETSE_GDSP_TCL/ETSE_GDSP_TCL.srcs/sources_1/ip/xbip_dsp48_macro_0/synth/xbip_dsp48_macro_0.vhd:70]
INFO: [Synth 8-3491] module 'xbip_dsp48_macro_v3_0' declared at '/home/tsotne/git/ETSE_GDSP/Matrix_for_RBM/MATRIX_MUL_IP_CORE_S_INT/ETSE_GDSP_TCL/ETSE_GDSP_TCL.srcs/sources_1/ip/xbip_dsp48_macro_0/xbip_dsp48_macro_v3_0/hdl/xbip_dsp48_macro_v3_0.vhd:109' bound to instance 'U0' of component 'xbip_dsp48_macro_v3_0' [/home/tsotne/git/ETSE_GDSP/Matrix_for_RBM/MATRIX_MUL_IP_CORE_S_INT/ETSE_GDSP_TCL/ETSE_GDSP_TCL.srcs/sources_1/ip/xbip_dsp48_macro_0/synth/xbip_dsp48_macro_0.vhd:205]
INFO: [Synth 8-638] synthesizing module 'xbip_dsp48_macro_v3_0' [/home/tsotne/git/ETSE_GDSP/Matrix_for_RBM/MATRIX_MUL_IP_CORE_S_INT/ETSE_GDSP_TCL/ETSE_GDSP_TCL.srcs/sources_1/ip/xbip_dsp48_macro_0/xbip_dsp48_macro_v3_0/hdl/xbip_dsp48_macro_v3_0.vhd:229]
INFO: [Synth 8-3491] module 'xbip_dsp48_macro_v3_0_viv' declared at '/home/tsotne/git/ETSE_GDSP/Matrix_for_RBM/MATRIX_MUL_IP_CORE_S_INT/ETSE_GDSP_TCL/ETSE_GDSP_TCL.srcs/sources_1/ip/xbip_dsp48_macro_0/xbip_dsp48_macro_v3_0/hdl/xbip_dsp48_macro_v3_0_vh_rfs.vhd:4318' bound to instance 'i_synth' of component 'xbip_dsp48_macro_v3_0_viv' [/home/tsotne/git/ETSE_GDSP/Matrix_for_RBM/MATRIX_MUL_IP_CORE_S_INT/ETSE_GDSP_TCL/ETSE_GDSP_TCL.srcs/sources_1/ip/xbip_dsp48_macro_0/xbip_dsp48_macro_v3_0/hdl/xbip_dsp48_macro_v3_0.vhd:235]
INFO: [Synth 8-638] synthesizing module 'xbip_dsp48_macro_v3_0_viv' [/home/tsotne/git/ETSE_GDSP/Matrix_for_RBM/MATRIX_MUL_IP_CORE_S_INT/ETSE_GDSP_TCL/ETSE_GDSP_TCL.srcs/sources_1/ip/xbip_dsp48_macro_0/xbip_dsp48_macro_v3_0/hdl/xbip_dsp48_macro_v3_0_vh_rfs.vhd:4450]
WARNING: [Synth 8-312] ignoring unsynthesizable construct: assertion statement [/home/tsotne/git/ETSE_GDSP/Matrix_for_RBM/MATRIX_MUL_IP_CORE_S_INT/ETSE_GDSP_TCL/ETSE_GDSP_TCL.srcs/sources_1/ip/xbip_dsp48_macro_0/xbip_dsp48_macro_v3_0/hdl/xbip_dsp48_macro_v3_0_vh_rfs.vhd:818]
WARNING: [Synth 8-312] ignoring unsynthesizable construct: assertion statement [/home/tsotne/git/ETSE_GDSP/Matrix_for_RBM/MATRIX_MUL_IP_CORE_S_INT/ETSE_GDSP_TCL/ETSE_GDSP_TCL.srcs/sources_1/ip/xbip_dsp48_macro_0/xbip_dsp48_macro_v3_0/hdl/xbip_dsp48_macro_v3_0_vh_rfs.vhd:821]
WARNING: [Synth 8-312] ignoring unsynthesizable construct: assertion statement [/home/tsotne/git/ETSE_GDSP/Matrix_for_RBM/MATRIX_MUL_IP_CORE_S_INT/ETSE_GDSP_TCL/ETSE_GDSP_TCL.srcs/sources_1/ip/xbip_dsp48_macro_0/xbip_dsp48_macro_v3_0/hdl/xbip_dsp48_macro_v3_0_vh_rfs.vhd:824]
WARNING: [Synth 8-312] ignoring unsynthesizable construct: assertion statement [/home/tsotne/git/ETSE_GDSP/Matrix_for_RBM/MATRIX_MUL_IP_CORE_S_INT/ETSE_GDSP_TCL/ETSE_GDSP_TCL.srcs/sources_1/ip/xbip_dsp48_macro_0/xbip_dsp48_macro_v3_0/hdl/xbip_dsp48_macro_v3_0_vh_rfs.vhd:828]
WARNING: [Synth 8-312] ignoring unsynthesizable construct: assertion statement [/home/tsotne/git/ETSE_GDSP/Matrix_for_RBM/MATRIX_MUL_IP_CORE_S_INT/ETSE_GDSP_TCL/ETSE_GDSP_TCL.srcs/sources_1/ip/xbip_dsp48_macro_0/xbip_dsp48_macro_v3_0/hdl/xbip_dsp48_macro_v3_0_vh_rfs.vhd:833]
WARNING: [Synth 8-312] ignoring unsynthesizable construct: assertion statement [/home/tsotne/git/ETSE_GDSP/Matrix_for_RBM/MATRIX_MUL_IP_CORE_S_INT/ETSE_GDSP_TCL/ETSE_GDSP_TCL.srcs/sources_1/ip/xbip_dsp48_macro_0/xbip_dsp48_macro_v3_0/hdl/xbip_dsp48_macro_v3_0_vh_rfs.vhd:837]
WARNING: [Synth 8-312] ignoring unsynthesizable construct: assertion statement [/home/tsotne/git/ETSE_GDSP/Matrix_for_RBM/MATRIX_MUL_IP_CORE_S_INT/ETSE_GDSP_TCL/ETSE_GDSP_TCL.srcs/sources_1/ip/xbip_dsp48_macro_0/xbip_dsp48_macro_v3_0/hdl/xbip_dsp48_macro_v3_0_vh_rfs.vhd:845]
WARNING: [Synth 8-312] ignoring unsynthesizable construct: assertion statement [/home/tsotne/git/ETSE_GDSP/Matrix_for_RBM/MATRIX_MUL_IP_CORE_S_INT/ETSE_GDSP_TCL/ETSE_GDSP_TCL.srcs/sources_1/ip/xbip_dsp48_macro_0/xbip_dsp48_macro_v3_0/hdl/xbip_dsp48_macro_v3_0_vh_rfs.vhd:848]
WARNING: [Synth 8-312] ignoring unsynthesizable construct: assertion statement [/home/tsotne/git/ETSE_GDSP/Matrix_for_RBM/MATRIX_MUL_IP_CORE_S_INT/ETSE_GDSP_TCL/ETSE_GDSP_TCL.srcs/sources_1/ip/xbip_dsp48_macro_0/xbip_dsp48_macro_v3_0/hdl/xbip_dsp48_macro_v3_0_vh_rfs.vhd:851]
WARNING: [Synth 8-312] ignoring unsynthesizable construct: assertion statement [/home/tsotne/git/ETSE_GDSP/Matrix_for_RBM/MATRIX_MUL_IP_CORE_S_INT/ETSE_GDSP_TCL/ETSE_GDSP_TCL.srcs/sources_1/ip/xbip_dsp48_macro_0/xbip_dsp48_macro_v3_0/hdl/xbip_dsp48_macro_v3_0_vh_rfs.vhd:854]
INFO: [Synth 8-638] synthesizing module 'xbip_dsp48_macro_synth' [/home/tsotne/git/ETSE_GDSP/Matrix_for_RBM/MATRIX_MUL_IP_CORE_S_INT/ETSE_GDSP_TCL/ETSE_GDSP_TCL.srcs/sources_1/ip/xbip_dsp48_macro_0/xbip_dsp48_macro_v3_0/hdl/xbip_dsp48_macro_v3_0_vh_rfs.vhd:3223]
WARNING: [Synth 8-312] ignoring unsynthesizable construct: assertion statement [/home/tsotne/git/ETSE_GDSP/Matrix_for_RBM/MATRIX_MUL_IP_CORE_S_INT/ETSE_GDSP_TCL/ETSE_GDSP_TCL.srcs/sources_1/ip/xbip_dsp48_macro_0/xbip_utils_v3_0/hdl/xbip_utils_v3_0_vh_rfs.vhd:581]
WARNING: [Synth 8-312] ignoring unsynthesizable construct: assertion statement [/home/tsotne/git/ETSE_GDSP/Matrix_for_RBM/MATRIX_MUL_IP_CORE_S_INT/ETSE_GDSP_TCL/ETSE_GDSP_TCL.srcs/sources_1/ip/xbip_dsp48_macro_0/xbip_utils_v3_0/hdl/xbip_utils_v3_0_vh_rfs.vhd:584]
WARNING: [Synth 8-312] ignoring unsynthesizable construct: assertion statement [/home/tsotne/git/ETSE_GDSP/Matrix_for_RBM/MATRIX_MUL_IP_CORE_S_INT/ETSE_GDSP_TCL/ETSE_GDSP_TCL.srcs/sources_1/ip/xbip_dsp48_macro_0/xbip_utils_v3_0/hdl/xbip_utils_v3_0_vh_rfs.vhd:581]
WARNING: [Synth 8-312] ignoring unsynthesizable construct: assertion statement [/home/tsotne/git/ETSE_GDSP/Matrix_for_RBM/MATRIX_MUL_IP_CORE_S_INT/ETSE_GDSP_TCL/ETSE_GDSP_TCL.srcs/sources_1/ip/xbip_dsp48_macro_0/xbip_utils_v3_0/hdl/xbip_utils_v3_0_vh_rfs.vhd:584]
WARNING: [Synth 8-312] ignoring unsynthesizable construct: assertion statement [/home/tsotne/git/ETSE_GDSP/Matrix_for_RBM/MATRIX_MUL_IP_CORE_S_INT/ETSE_GDSP_TCL/ETSE_GDSP_TCL.srcs/sources_1/ip/xbip_dsp48_macro_0/xbip_utils_v3_0/hdl/xbip_utils_v3_0_vh_rfs.vhd:581]
WARNING: [Synth 8-312] ignoring unsynthesizable construct: assertion statement [/home/tsotne/git/ETSE_GDSP/Matrix_for_RBM/MATRIX_MUL_IP_CORE_S_INT/ETSE_GDSP_TCL/ETSE_GDSP_TCL.srcs/sources_1/ip/xbip_dsp48_macro_0/xbip_utils_v3_0/hdl/xbip_utils_v3_0_vh_rfs.vhd:584]
WARNING: [Synth 8-312] ignoring unsynthesizable construct: assertion statement [/home/tsotne/git/ETSE_GDSP/Matrix_for_RBM/MATRIX_MUL_IP_CORE_S_INT/ETSE_GDSP_TCL/ETSE_GDSP_TCL.srcs/sources_1/ip/xbip_dsp48_macro_0/xbip_utils_v3_0/hdl/xbip_utils_v3_0_vh_rfs.vhd:581]
WARNING: [Synth 8-312] ignoring unsynthesizable construct: assertion statement [/home/tsotne/git/ETSE_GDSP/Matrix_for_RBM/MATRIX_MUL_IP_CORE_S_INT/ETSE_GDSP_TCL/ETSE_GDSP_TCL.srcs/sources_1/ip/xbip_dsp48_macro_0/xbip_utils_v3_0/hdl/xbip_utils_v3_0_vh_rfs.vhd:584]
WARNING: [Synth 8-312] ignoring unsynthesizable construct: assertion statement [/home/tsotne/git/ETSE_GDSP/Matrix_for_RBM/MATRIX_MUL_IP_CORE_S_INT/ETSE_GDSP_TCL/ETSE_GDSP_TCL.srcs/sources_1/ip/xbip_dsp48_macro_0/xbip_utils_v3_0/hdl/xbip_utils_v3_0_vh_rfs.vhd:581]
WARNING: [Synth 8-312] ignoring unsynthesizable construct: assertion statement [/home/tsotne/git/ETSE_GDSP/Matrix_for_RBM/MATRIX_MUL_IP_CORE_S_INT/ETSE_GDSP_TCL/ETSE_GDSP_TCL.srcs/sources_1/ip/xbip_dsp48_macro_0/xbip_utils_v3_0/hdl/xbip_utils_v3_0_vh_rfs.vhd:584]
WARNING: [Synth 8-312] ignoring unsynthesizable construct: assertion statement [/home/tsotne/git/ETSE_GDSP/Matrix_for_RBM/MATRIX_MUL_IP_CORE_S_INT/ETSE_GDSP_TCL/ETSE_GDSP_TCL.srcs/sources_1/ip/xbip_dsp48_macro_0/xbip_utils_v3_0/hdl/xbip_utils_v3_0_vh_rfs.vhd:581]
WARNING: [Synth 8-312] ignoring unsynthesizable construct: assertion statement [/home/tsotne/git/ETSE_GDSP/Matrix_for_RBM/MATRIX_MUL_IP_CORE_S_INT/ETSE_GDSP_TCL/ETSE_GDSP_TCL.srcs/sources_1/ip/xbip_dsp48_macro_0/xbip_utils_v3_0/hdl/xbip_utils_v3_0_vh_rfs.vhd:584]
WARNING: [Synth 8-312] ignoring unsynthesizable construct: assertion statement [/home/tsotne/git/ETSE_GDSP/Matrix_for_RBM/MATRIX_MUL_IP_CORE_S_INT/ETSE_GDSP_TCL/ETSE_GDSP_TCL.srcs/sources_1/ip/xbip_dsp48_macro_0/xbip_dsp48_macro_v3_0/hdl/xbip_dsp48_macro_v3_0_vh_rfs.vhd:1045]
INFO: [Synth 8-5534] Detected attribute (* rom_style = "distributed" *) [/home/tsotne/git/ETSE_GDSP/Matrix_for_RBM/MATRIX_MUL_IP_CORE_S_INT/ETSE_GDSP_TCL/ETSE_GDSP_TCL.srcs/sources_1/ip/xbip_dsp48_macro_0/xbip_dsp48_macro_v3_0/hdl/xbip_dsp48_macro_v3_0_vh_rfs.vhd:3392]
INFO: [Synth 8-638] synthesizing module 'xbip_pipe_v3_0_viv' [/home/tsotne/git/ETSE_GDSP/Matrix_for_RBM/MATRIX_MUL_IP_CORE_S_INT/ETSE_GDSP_TCL/ETSE_GDSP_TCL.srcs/sources_1/ip/xbip_dsp48_macro_0/xbip_pipe_v3_0/hdl/xbip_pipe_v3_0_vh_rfs.vhd:299]
WARNING: [Synth 8-312] ignoring unsynthesizable construct: assertion statement [/home/tsotne/git/ETSE_GDSP/Matrix_for_RBM/MATRIX_MUL_IP_CORE_S_INT/ETSE_GDSP_TCL/ETSE_GDSP_TCL.srcs/sources_1/ip/xbip_dsp48_macro_0/xbip_utils_v3_0/hdl/xbip_utils_v3_0_vh_rfs.vhd:581]
WARNING: [Synth 8-312] ignoring unsynthesizable construct: assertion statement [/home/tsotne/git/ETSE_GDSP/Matrix_for_RBM/MATRIX_MUL_IP_CORE_S_INT/ETSE_GDSP_TCL/ETSE_GDSP_TCL.srcs/sources_1/ip/xbip_dsp48_macro_0/xbip_utils_v3_0/hdl/xbip_utils_v3_0_vh_rfs.vhd:584]
INFO: [Synth 8-256] done synthesizing module 'xbip_pipe_v3_0_viv' (1#1) [/home/tsotne/git/ETSE_GDSP/Matrix_for_RBM/MATRIX_MUL_IP_CORE_S_INT/ETSE_GDSP_TCL/ETSE_GDSP_TCL.srcs/sources_1/ip/xbip_dsp48_macro_0/xbip_pipe_v3_0/hdl/xbip_pipe_v3_0_vh_rfs.vhd:299]
INFO: [Synth 8-638] synthesizing module 'xbip_pipe_v3_0_viv__parameterized0' [/home/tsotne/git/ETSE_GDSP/Matrix_for_RBM/MATRIX_MUL_IP_CORE_S_INT/ETSE_GDSP_TCL/ETSE_GDSP_TCL.srcs/sources_1/ip/xbip_dsp48_macro_0/xbip_pipe_v3_0/hdl/xbip_pipe_v3_0_vh_rfs.vhd:299]
WARNING: [Synth 8-312] ignoring unsynthesizable construct: assertion statement [/home/tsotne/git/ETSE_GDSP/Matrix_for_RBM/MATRIX_MUL_IP_CORE_S_INT/ETSE_GDSP_TCL/ETSE_GDSP_TCL.srcs/sources_1/ip/xbip_dsp48_macro_0/xbip_utils_v3_0/hdl/xbip_utils_v3_0_vh_rfs.vhd:581]
WARNING: [Synth 8-312] ignoring unsynthesizable construct: assertion statement [/home/tsotne/git/ETSE_GDSP/Matrix_for_RBM/MATRIX_MUL_IP_CORE_S_INT/ETSE_GDSP_TCL/ETSE_GDSP_TCL.srcs/sources_1/ip/xbip_dsp48_macro_0/xbip_utils_v3_0/hdl/xbip_utils_v3_0_vh_rfs.vhd:584]
INFO: [Synth 8-256] done synthesizing module 'xbip_pipe_v3_0_viv__parameterized0' (1#1) [/home/tsotne/git/ETSE_GDSP/Matrix_for_RBM/MATRIX_MUL_IP_CORE_S_INT/ETSE_GDSP_TCL/ETSE_GDSP_TCL.srcs/sources_1/ip/xbip_dsp48_macro_0/xbip_pipe_v3_0/hdl/xbip_pipe_v3_0_vh_rfs.vhd:299]
INFO: [Synth 8-638] synthesizing module 'xbip_pipe_v3_0_viv__parameterized1' [/home/tsotne/git/ETSE_GDSP/Matrix_for_RBM/MATRIX_MUL_IP_CORE_S_INT/ETSE_GDSP_TCL/ETSE_GDSP_TCL.srcs/sources_1/ip/xbip_dsp48_macro_0/xbip_pipe_v3_0/hdl/xbip_pipe_v3_0_vh_rfs.vhd:299]
WARNING: [Synth 8-312] ignoring unsynthesizable construct: assertion statement [/home/tsotne/git/ETSE_GDSP/Matrix_for_RBM/MATRIX_MUL_IP_CORE_S_INT/ETSE_GDSP_TCL/ETSE_GDSP_TCL.srcs/sources_1/ip/xbip_dsp48_macro_0/xbip_utils_v3_0/hdl/xbip_utils_v3_0_vh_rfs.vhd:581]
WARNING: [Synth 8-312] ignoring unsynthesizable construct: assertion statement [/home/tsotne/git/ETSE_GDSP/Matrix_for_RBM/MATRIX_MUL_IP_CORE_S_INT/ETSE_GDSP_TCL/ETSE_GDSP_TCL.srcs/sources_1/ip/xbip_dsp48_macro_0/xbip_utils_v3_0/hdl/xbip_utils_v3_0_vh_rfs.vhd:584]
INFO: [Synth 8-256] done synthesizing module 'xbip_pipe_v3_0_viv__parameterized1' (1#1) [/home/tsotne/git/ETSE_GDSP/Matrix_for_RBM/MATRIX_MUL_IP_CORE_S_INT/ETSE_GDSP_TCL/ETSE_GDSP_TCL.srcs/sources_1/ip/xbip_dsp48_macro_0/xbip_pipe_v3_0/hdl/xbip_pipe_v3_0_vh_rfs.vhd:299]
INFO: [Synth 8-638] synthesizing module 'xbip_pipe_v3_0_viv__parameterized2' [/home/tsotne/git/ETSE_GDSP/Matrix_for_RBM/MATRIX_MUL_IP_CORE_S_INT/ETSE_GDSP_TCL/ETSE_GDSP_TCL.srcs/sources_1/ip/xbip_dsp48_macro_0/xbip_pipe_v3_0/hdl/xbip_pipe_v3_0_vh_rfs.vhd:299]
WARNING: [Synth 8-312] ignoring unsynthesizable construct: assertion statement [/home/tsotne/git/ETSE_GDSP/Matrix_for_RBM/MATRIX_MUL_IP_CORE_S_INT/ETSE_GDSP_TCL/ETSE_GDSP_TCL.srcs/sources_1/ip/xbip_dsp48_macro_0/xbip_utils_v3_0/hdl/xbip_utils_v3_0_vh_rfs.vhd:581]
WARNING: [Synth 8-312] ignoring unsynthesizable construct: assertion statement [/home/tsotne/git/ETSE_GDSP/Matrix_for_RBM/MATRIX_MUL_IP_CORE_S_INT/ETSE_GDSP_TCL/ETSE_GDSP_TCL.srcs/sources_1/ip/xbip_dsp48_macro_0/xbip_utils_v3_0/hdl/xbip_utils_v3_0_vh_rfs.vhd:584]
INFO: [Synth 8-256] done synthesizing module 'xbip_pipe_v3_0_viv__parameterized2' (1#1) [/home/tsotne/git/ETSE_GDSP/Matrix_for_RBM/MATRIX_MUL_IP_CORE_S_INT/ETSE_GDSP_TCL/ETSE_GDSP_TCL.srcs/sources_1/ip/xbip_dsp48_macro_0/xbip_pipe_v3_0/hdl/xbip_pipe_v3_0_vh_rfs.vhd:299]
INFO: [Synth 8-638] synthesizing module 'xbip_pipe_v3_0_viv__parameterized3' [/home/tsotne/git/ETSE_GDSP/Matrix_for_RBM/MATRIX_MUL_IP_CORE_S_INT/ETSE_GDSP_TCL/ETSE_GDSP_TCL.srcs/sources_1/ip/xbip_dsp48_macro_0/xbip_pipe_v3_0/hdl/xbip_pipe_v3_0_vh_rfs.vhd:299]
WARNING: [Synth 8-312] ignoring unsynthesizable construct: assertion statement [/home/tsotne/git/ETSE_GDSP/Matrix_for_RBM/MATRIX_MUL_IP_CORE_S_INT/ETSE_GDSP_TCL/ETSE_GDSP_TCL.srcs/sources_1/ip/xbip_dsp48_macro_0/xbip_utils_v3_0/hdl/xbip_utils_v3_0_vh_rfs.vhd:581]
WARNING: [Synth 8-312] ignoring unsynthesizable construct: assertion statement [/home/tsotne/git/ETSE_GDSP/Matrix_for_RBM/MATRIX_MUL_IP_CORE_S_INT/ETSE_GDSP_TCL/ETSE_GDSP_TCL.srcs/sources_1/ip/xbip_dsp48_macro_0/xbip_utils_v3_0/hdl/xbip_utils_v3_0_vh_rfs.vhd:584]
INFO: [Synth 8-256] done synthesizing module 'xbip_pipe_v3_0_viv__parameterized3' (1#1) [/home/tsotne/git/ETSE_GDSP/Matrix_for_RBM/MATRIX_MUL_IP_CORE_S_INT/ETSE_GDSP_TCL/ETSE_GDSP_TCL.srcs/sources_1/ip/xbip_dsp48_macro_0/xbip_pipe_v3_0/hdl/xbip_pipe_v3_0_vh_rfs.vhd:299]
INFO: [Synth 8-638] synthesizing module 'xbip_pipe_v3_0_viv__parameterized4' [/home/tsotne/git/ETSE_GDSP/Matrix_for_RBM/MATRIX_MUL_IP_CORE_S_INT/ETSE_GDSP_TCL/ETSE_GDSP_TCL.srcs/sources_1/ip/xbip_dsp48_macro_0/xbip_pipe_v3_0/hdl/xbip_pipe_v3_0_vh_rfs.vhd:299]
WARNING: [Synth 8-312] ignoring unsynthesizable construct: assertion statement [/home/tsotne/git/ETSE_GDSP/Matrix_for_RBM/MATRIX_MUL_IP_CORE_S_INT/ETSE_GDSP_TCL/ETSE_GDSP_TCL.srcs/sources_1/ip/xbip_dsp48_macro_0/xbip_utils_v3_0/hdl/xbip_utils_v3_0_vh_rfs.vhd:581]
WARNING: [Synth 8-312] ignoring unsynthesizable construct: assertion statement [/home/tsotne/git/ETSE_GDSP/Matrix_for_RBM/MATRIX_MUL_IP_CORE_S_INT/ETSE_GDSP_TCL/ETSE_GDSP_TCL.srcs/sources_1/ip/xbip_dsp48_macro_0/xbip_utils_v3_0/hdl/xbip_utils_v3_0_vh_rfs.vhd:584]
INFO: [Synth 8-256] done synthesizing module 'xbip_pipe_v3_0_viv__parameterized4' (1#1) [/home/tsotne/git/ETSE_GDSP/Matrix_for_RBM/MATRIX_MUL_IP_CORE_S_INT/ETSE_GDSP_TCL/ETSE_GDSP_TCL.srcs/sources_1/ip/xbip_dsp48_macro_0/xbip_pipe_v3_0/hdl/xbip_pipe_v3_0_vh_rfs.vhd:299]
INFO: [Synth 8-638] synthesizing module 'xbip_pipe_v3_0_viv__parameterized5' [/home/tsotne/git/ETSE_GDSP/Matrix_for_RBM/MATRIX_MUL_IP_CORE_S_INT/ETSE_GDSP_TCL/ETSE_GDSP_TCL.srcs/sources_1/ip/xbip_dsp48_macro_0/xbip_pipe_v3_0/hdl/xbip_pipe_v3_0_vh_rfs.vhd:299]
WARNING: [Synth 8-312] ignoring unsynthesizable construct: assertion statement [/home/tsotne/git/ETSE_GDSP/Matrix_for_RBM/MATRIX_MUL_IP_CORE_S_INT/ETSE_GDSP_TCL/ETSE_GDSP_TCL.srcs/sources_1/ip/xbip_dsp48_macro_0/xbip_utils_v3_0/hdl/xbip_utils_v3_0_vh_rfs.vhd:581]
WARNING: [Synth 8-312] ignoring unsynthesizable construct: assertion statement [/home/tsotne/git/ETSE_GDSP/Matrix_for_RBM/MATRIX_MUL_IP_CORE_S_INT/ETSE_GDSP_TCL/ETSE_GDSP_TCL.srcs/sources_1/ip/xbip_dsp48_macro_0/xbip_utils_v3_0/hdl/xbip_utils_v3_0_vh_rfs.vhd:584]
INFO: [Synth 8-256] done synthesizing module 'xbip_pipe_v3_0_viv__parameterized5' (1#1) [/home/tsotne/git/ETSE_GDSP/Matrix_for_RBM/MATRIX_MUL_IP_CORE_S_INT/ETSE_GDSP_TCL/ETSE_GDSP_TCL.srcs/sources_1/ip/xbip_dsp48_macro_0/xbip_pipe_v3_0/hdl/xbip_pipe_v3_0_vh_rfs.vhd:299]
INFO: [Synth 8-638] synthesizing module 'xbip_pipe_v3_0_viv__parameterized6' [/home/tsotne/git/ETSE_GDSP/Matrix_for_RBM/MATRIX_MUL_IP_CORE_S_INT/ETSE_GDSP_TCL/ETSE_GDSP_TCL.srcs/sources_1/ip/xbip_dsp48_macro_0/xbip_pipe_v3_0/hdl/xbip_pipe_v3_0_vh_rfs.vhd:299]
WARNING: [Synth 8-312] ignoring unsynthesizable construct: assertion statement [/home/tsotne/git/ETSE_GDSP/Matrix_for_RBM/MATRIX_MUL_IP_CORE_S_INT/ETSE_GDSP_TCL/ETSE_GDSP_TCL.srcs/sources_1/ip/xbip_dsp48_macro_0/xbip_utils_v3_0/hdl/xbip_utils_v3_0_vh_rfs.vhd:581]
WARNING: [Synth 8-312] ignoring unsynthesizable construct: assertion statement [/home/tsotne/git/ETSE_GDSP/Matrix_for_RBM/MATRIX_MUL_IP_CORE_S_INT/ETSE_GDSP_TCL/ETSE_GDSP_TCL.srcs/sources_1/ip/xbip_dsp48_macro_0/xbip_utils_v3_0/hdl/xbip_utils_v3_0_vh_rfs.vhd:584]
INFO: [Synth 8-256] done synthesizing module 'xbip_pipe_v3_0_viv__parameterized6' (1#1) [/home/tsotne/git/ETSE_GDSP/Matrix_for_RBM/MATRIX_MUL_IP_CORE_S_INT/ETSE_GDSP_TCL/ETSE_GDSP_TCL.srcs/sources_1/ip/xbip_dsp48_macro_0/xbip_pipe_v3_0/hdl/xbip_pipe_v3_0_vh_rfs.vhd:299]
INFO: [Synth 8-638] synthesizing module 'xbip_pipe_v3_0_viv__parameterized7' [/home/tsotne/git/ETSE_GDSP/Matrix_for_RBM/MATRIX_MUL_IP_CORE_S_INT/ETSE_GDSP_TCL/ETSE_GDSP_TCL.srcs/sources_1/ip/xbip_dsp48_macro_0/xbip_pipe_v3_0/hdl/xbip_pipe_v3_0_vh_rfs.vhd:299]
WARNING: [Synth 8-312] ignoring unsynthesizable construct: assertion statement [/home/tsotne/git/ETSE_GDSP/Matrix_for_RBM/MATRIX_MUL_IP_CORE_S_INT/ETSE_GDSP_TCL/ETSE_GDSP_TCL.srcs/sources_1/ip/xbip_dsp48_macro_0/xbip_utils_v3_0/hdl/xbip_utils_v3_0_vh_rfs.vhd:581]
WARNING: [Synth 8-312] ignoring unsynthesizable construct: assertion statement [/home/tsotne/git/ETSE_GDSP/Matrix_for_RBM/MATRIX_MUL_IP_CORE_S_INT/ETSE_GDSP_TCL/ETSE_GDSP_TCL.srcs/sources_1/ip/xbip_dsp48_macro_0/xbip_utils_v3_0/hdl/xbip_utils_v3_0_vh_rfs.vhd:584]
INFO: [Synth 8-256] done synthesizing module 'xbip_pipe_v3_0_viv__parameterized7' (1#1) [/home/tsotne/git/ETSE_GDSP/Matrix_for_RBM/MATRIX_MUL_IP_CORE_S_INT/ETSE_GDSP_TCL/ETSE_GDSP_TCL.srcs/sources_1/ip/xbip_dsp48_macro_0/xbip_pipe_v3_0/hdl/xbip_pipe_v3_0_vh_rfs.vhd:299]
INFO: [Synth 8-638] synthesizing module 'xbip_pipe_v3_0_viv__parameterized8' [/home/tsotne/git/ETSE_GDSP/Matrix_for_RBM/MATRIX_MUL_IP_CORE_S_INT/ETSE_GDSP_TCL/ETSE_GDSP_TCL.srcs/sources_1/ip/xbip_dsp48_macro_0/xbip_pipe_v3_0/hdl/xbip_pipe_v3_0_vh_rfs.vhd:299]
WARNING: [Synth 8-312] ignoring unsynthesizable construct: assertion statement [/home/tsotne/git/ETSE_GDSP/Matrix_for_RBM/MATRIX_MUL_IP_CORE_S_INT/ETSE_GDSP_TCL/ETSE_GDSP_TCL.srcs/sources_1/ip/xbip_dsp48_macro_0/xbip_utils_v3_0/hdl/xbip_utils_v3_0_vh_rfs.vhd:581]
WARNING: [Synth 8-312] ignoring unsynthesizable construct: assertion statement [/home/tsotne/git/ETSE_GDSP/Matrix_for_RBM/MATRIX_MUL_IP_CORE_S_INT/ETSE_GDSP_TCL/ETSE_GDSP_TCL.srcs/sources_1/ip/xbip_dsp48_macro_0/xbip_utils_v3_0/hdl/xbip_utils_v3_0_vh_rfs.vhd:584]
INFO: [Synth 8-256] done synthesizing module 'xbip_pipe_v3_0_viv__parameterized8' (1#1) [/home/tsotne/git/ETSE_GDSP/Matrix_for_RBM/MATRIX_MUL_IP_CORE_S_INT/ETSE_GDSP_TCL/ETSE_GDSP_TCL.srcs/sources_1/ip/xbip_dsp48_macro_0/xbip_pipe_v3_0/hdl/xbip_pipe_v3_0_vh_rfs.vhd:299]
INFO: [Synth 8-638] synthesizing module 'xbip_pipe_v3_0_viv__parameterized9' [/home/tsotne/git/ETSE_GDSP/Matrix_for_RBM/MATRIX_MUL_IP_CORE_S_INT/ETSE_GDSP_TCL/ETSE_GDSP_TCL.srcs/sources_1/ip/xbip_dsp48_macro_0/xbip_pipe_v3_0/hdl/xbip_pipe_v3_0_vh_rfs.vhd:299]
WARNING: [Synth 8-312] ignoring unsynthesizable construct: assertion statement [/home/tsotne/git/ETSE_GDSP/Matrix_for_RBM/MATRIX_MUL_IP_CORE_S_INT/ETSE_GDSP_TCL/ETSE_GDSP_TCL.srcs/sources_1/ip/xbip_dsp48_macro_0/xbip_utils_v3_0/hdl/xbip_utils_v3_0_vh_rfs.vhd:581]
WARNING: [Synth 8-312] ignoring unsynthesizable construct: assertion statement [/home/tsotne/git/ETSE_GDSP/Matrix_for_RBM/MATRIX_MUL_IP_CORE_S_INT/ETSE_GDSP_TCL/ETSE_GDSP_TCL.srcs/sources_1/ip/xbip_dsp48_macro_0/xbip_utils_v3_0/hdl/xbip_utils_v3_0_vh_rfs.vhd:584]
INFO: [Synth 8-256] done synthesizing module 'xbip_pipe_v3_0_viv__parameterized9' (1#1) [/home/tsotne/git/ETSE_GDSP/Matrix_for_RBM/MATRIX_MUL_IP_CORE_S_INT/ETSE_GDSP_TCL/ETSE_GDSP_TCL.srcs/sources_1/ip/xbip_dsp48_macro_0/xbip_pipe_v3_0/hdl/xbip_pipe_v3_0_vh_rfs.vhd:299]
INFO: [Synth 8-638] synthesizing module 'xbip_pipe_v3_0_viv__parameterized10' [/home/tsotne/git/ETSE_GDSP/Matrix_for_RBM/MATRIX_MUL_IP_CORE_S_INT/ETSE_GDSP_TCL/ETSE_GDSP_TCL.srcs/sources_1/ip/xbip_dsp48_macro_0/xbip_pipe_v3_0/hdl/xbip_pipe_v3_0_vh_rfs.vhd:299]
WARNING: [Synth 8-312] ignoring unsynthesizable construct: assertion statement [/home/tsotne/git/ETSE_GDSP/Matrix_for_RBM/MATRIX_MUL_IP_CORE_S_INT/ETSE_GDSP_TCL/ETSE_GDSP_TCL.srcs/sources_1/ip/xbip_dsp48_macro_0/xbip_utils_v3_0/hdl/xbip_utils_v3_0_vh_rfs.vhd:581]
WARNING: [Synth 8-312] ignoring unsynthesizable construct: assertion statement [/home/tsotne/git/ETSE_GDSP/Matrix_for_RBM/MATRIX_MUL_IP_CORE_S_INT/ETSE_GDSP_TCL/ETSE_GDSP_TCL.srcs/sources_1/ip/xbip_dsp48_macro_0/xbip_utils_v3_0/hdl/xbip_utils_v3_0_vh_rfs.vhd:584]
INFO: [Synth 8-256] done synthesizing module 'xbip_pipe_v3_0_viv__parameterized10' (1#1) [/home/tsotne/git/ETSE_GDSP/Matrix_for_RBM/MATRIX_MUL_IP_CORE_S_INT/ETSE_GDSP_TCL/ETSE_GDSP_TCL.srcs/sources_1/ip/xbip_dsp48_macro_0/xbip_pipe_v3_0/hdl/xbip_pipe_v3_0_vh_rfs.vhd:299]
INFO: [Synth 8-638] synthesizing module 'xbip_pipe_v3_0_viv__parameterized11' [/home/tsotne/git/ETSE_GDSP/Matrix_for_RBM/MATRIX_MUL_IP_CORE_S_INT/ETSE_GDSP_TCL/ETSE_GDSP_TCL.srcs/sources_1/ip/xbip_dsp48_macro_0/xbip_pipe_v3_0/hdl/xbip_pipe_v3_0_vh_rfs.vhd:299]
WARNING: [Synth 8-312] ignoring unsynthesizable construct: assertion statement [/home/tsotne/git/ETSE_GDSP/Matrix_for_RBM/MATRIX_MUL_IP_CORE_S_INT/ETSE_GDSP_TCL/ETSE_GDSP_TCL.srcs/sources_1/ip/xbip_dsp48_macro_0/xbip_utils_v3_0/hdl/xbip_utils_v3_0_vh_rfs.vhd:581]
WARNING: [Synth 8-312] ignoring unsynthesizable construct: assertion statement [/home/tsotne/git/ETSE_GDSP/Matrix_for_RBM/MATRIX_MUL_IP_CORE_S_INT/ETSE_GDSP_TCL/ETSE_GDSP_TCL.srcs/sources_1/ip/xbip_dsp48_macro_0/xbip_utils_v3_0/hdl/xbip_utils_v3_0_vh_rfs.vhd:584]
INFO: [Synth 8-256] done synthesizing module 'xbip_pipe_v3_0_viv__parameterized11' (1#1) [/home/tsotne/git/ETSE_GDSP/Matrix_for_RBM/MATRIX_MUL_IP_CORE_S_INT/ETSE_GDSP_TCL/ETSE_GDSP_TCL.srcs/sources_1/ip/xbip_dsp48_macro_0/xbip_pipe_v3_0/hdl/xbip_pipe_v3_0_vh_rfs.vhd:299]
INFO: [Synth 8-638] synthesizing module 'xbip_dsp48e1_wrapper_v3_0' [/home/tsotne/git/ETSE_GDSP/Matrix_for_RBM/MATRIX_MUL_IP_CORE_S_INT/ETSE_GDSP_TCL/ETSE_GDSP_TCL.srcs/sources_1/ip/xbip_dsp48_macro_0/xbip_dsp48_wrapper_v3_0/hdl/xbip_dsp48_wrapper_v3_0_vh_rfs.vhd:1649]
WARNING: [Synth 8-312] ignoring unsynthesizable construct: assertion statement [/home/tsotne/git/ETSE_GDSP/Matrix_for_RBM/MATRIX_MUL_IP_CORE_S_INT/ETSE_GDSP_TCL/ETSE_GDSP_TCL.srcs/sources_1/ip/xbip_dsp48_macro_0/xbip_dsp48_wrapper_v3_0/hdl/xbip_dsp48_wrapper_v3_0_vh_rfs.vhd:1675]
WARNING: [Synth 8-312] ignoring unsynthesizable construct: assertion statement [/home/tsotne/git/ETSE_GDSP/Matrix_for_RBM/MATRIX_MUL_IP_CORE_S_INT/ETSE_GDSP_TCL/ETSE_GDSP_TCL.srcs/sources_1/ip/xbip_dsp48_macro_0/xbip_dsp48_wrapper_v3_0/hdl/xbip_dsp48_wrapper_v3_0_vh_rfs.vhd:1678]
WARNING: [Synth 8-312] ignoring unsynthesizable construct: assertion statement [/home/tsotne/git/ETSE_GDSP/Matrix_for_RBM/MATRIX_MUL_IP_CORE_S_INT/ETSE_GDSP_TCL/ETSE_GDSP_TCL.srcs/sources_1/ip/xbip_dsp48_macro_0/xbip_dsp48_wrapper_v3_0/hdl/xbip_dsp48_wrapper_v3_0_vh_rfs.vhd:1681]
WARNING: [Synth 8-312] ignoring unsynthesizable construct: assertion statement [/home/tsotne/git/ETSE_GDSP/Matrix_for_RBM/MATRIX_MUL_IP_CORE_S_INT/ETSE_GDSP_TCL/ETSE_GDSP_TCL.srcs/sources_1/ip/xbip_dsp48_macro_0/xbip_dsp48_wrapper_v3_0/hdl/xbip_dsp48_wrapper_v3_0_vh_rfs.vhd:1684]
WARNING: [Synth 8-312] ignoring unsynthesizable construct: assertion statement [/home/tsotne/git/ETSE_GDSP/Matrix_for_RBM/MATRIX_MUL_IP_CORE_S_INT/ETSE_GDSP_TCL/ETSE_GDSP_TCL.srcs/sources_1/ip/xbip_dsp48_macro_0/xbip_dsp48_wrapper_v3_0/hdl/xbip_dsp48_wrapper_v3_0_vh_rfs.vhd:1687]
WARNING: [Synth 8-312] ignoring unsynthesizable construct: assertion statement [/home/tsotne/git/ETSE_GDSP/Matrix_for_RBM/MATRIX_MUL_IP_CORE_S_INT/ETSE_GDSP_TCL/ETSE_GDSP_TCL.srcs/sources_1/ip/xbip_dsp48_macro_0/xbip_dsp48_wrapper_v3_0/hdl/xbip_dsp48_wrapper_v3_0_vh_rfs.vhd:1690]
WARNING: [Synth 8-312] ignoring unsynthesizable construct: assertion statement [/home/tsotne/git/ETSE_GDSP/Matrix_for_RBM/MATRIX_MUL_IP_CORE_S_INT/ETSE_GDSP_TCL/ETSE_GDSP_TCL.srcs/sources_1/ip/xbip_dsp48_macro_0/xbip_dsp48_wrapper_v3_0/hdl/xbip_dsp48_wrapper_v3_0_vh_rfs.vhd:1693]
WARNING: [Synth 8-312] ignoring unsynthesizable construct: assertion statement [/home/tsotne/git/ETSE_GDSP/Matrix_for_RBM/MATRIX_MUL_IP_CORE_S_INT/ETSE_GDSP_TCL/ETSE_GDSP_TCL.srcs/sources_1/ip/xbip_dsp48_macro_0/xbip_dsp48_wrapper_v3_0/hdl/xbip_dsp48_wrapper_v3_0_vh_rfs.vhd:1696]
WARNING: [Synth 8-312] ignoring unsynthesizable construct: assertion statement [/home/tsotne/git/ETSE_GDSP/Matrix_for_RBM/MATRIX_MUL_IP_CORE_S_INT/ETSE_GDSP_TCL/ETSE_GDSP_TCL.srcs/sources_1/ip/xbip_dsp48_macro_0/xbip_dsp48_wrapper_v3_0/hdl/xbip_dsp48_wrapper_v3_0_vh_rfs.vhd:1699]
WARNING: [Synth 8-312] ignoring unsynthesizable construct: assertion statement [/home/tsotne/git/ETSE_GDSP/Matrix_for_RBM/MATRIX_MUL_IP_CORE_S_INT/ETSE_GDSP_TCL/ETSE_GDSP_TCL.srcs/sources_1/ip/xbip_dsp48_macro_0/xbip_dsp48_wrapper_v3_0/hdl/xbip_dsp48_wrapper_v3_0_vh_rfs.vhd:1702]
WARNING: [Synth 8-312] ignoring unsynthesizable construct: assertion statement [/home/tsotne/git/ETSE_GDSP/Matrix_for_RBM/MATRIX_MUL_IP_CORE_S_INT/ETSE_GDSP_TCL/ETSE_GDSP_TCL.srcs/sources_1/ip/xbip_dsp48_macro_0/xbip_dsp48_wrapper_v3_0/hdl/xbip_dsp48_wrapper_v3_0_vh_rfs.vhd:1705]
WARNING: [Synth 8-312] ignoring unsynthesizable construct: assertion statement [/home/tsotne/git/ETSE_GDSP/Matrix_for_RBM/MATRIX_MUL_IP_CORE_S_INT/ETSE_GDSP_TCL/ETSE_GDSP_TCL.srcs/sources_1/ip/xbip_dsp48_macro_0/xbip_dsp48_wrapper_v3_0/hdl/xbip_dsp48_wrapper_v3_0_vh_rfs.vhd:1708]
WARNING: [Synth 8-312] ignoring unsynthesizable construct: assertion statement [/home/tsotne/git/ETSE_GDSP/Matrix_for_RBM/MATRIX_MUL_IP_CORE_S_INT/ETSE_GDSP_TCL/ETSE_GDSP_TCL.srcs/sources_1/ip/xbip_dsp48_macro_0/xbip_dsp48_wrapper_v3_0/hdl/xbip_dsp48_wrapper_v3_0_vh_rfs.vhd:1711]
INFO: [Synth 8-113] binding component instance 'i_primitive' to cell 'DSP48E1' [/home/tsotne/git/ETSE_GDSP/Matrix_for_RBM/MATRIX_MUL_IP_CORE_S_INT/ETSE_GDSP_TCL/ETSE_GDSP_TCL.srcs/sources_1/ip/xbip_dsp48_macro_0/xbip_dsp48_wrapper_v3_0/hdl/xbip_dsp48_wrapper_v3_0_vh_rfs.vhd:1886]
INFO: [Synth 8-256] done synthesizing module 'xbip_dsp48e1_wrapper_v3_0' (2#1) [/home/tsotne/git/ETSE_GDSP/Matrix_for_RBM/MATRIX_MUL_IP_CORE_S_INT/ETSE_GDSP_TCL/ETSE_GDSP_TCL.srcs/sources_1/ip/xbip_dsp48_macro_0/xbip_dsp48_wrapper_v3_0/hdl/xbip_dsp48_wrapper_v3_0_vh_rfs.vhd:1649]
INFO: [Synth 8-256] done synthesizing module 'xbip_dsp48_macro_synth' (3#1) [/home/tsotne/git/ETSE_GDSP/Matrix_for_RBM/MATRIX_MUL_IP_CORE_S_INT/ETSE_GDSP_TCL/ETSE_GDSP_TCL.srcs/sources_1/ip/xbip_dsp48_macro_0/xbip_dsp48_macro_v3_0/hdl/xbip_dsp48_macro_v3_0_vh_rfs.vhd:3223]
INFO: [Synth 8-256] done synthesizing module 'xbip_dsp48_macro_v3_0_viv' (4#1) [/home/tsotne/git/ETSE_GDSP/Matrix_for_RBM/MATRIX_MUL_IP_CORE_S_INT/ETSE_GDSP_TCL/ETSE_GDSP_TCL.srcs/sources_1/ip/xbip_dsp48_macro_0/xbip_dsp48_macro_v3_0/hdl/xbip_dsp48_macro_v3_0_vh_rfs.vhd:4450]
INFO: [Synth 8-256] done synthesizing module 'xbip_dsp48_macro_v3_0' (5#1) [/home/tsotne/git/ETSE_GDSP/Matrix_for_RBM/MATRIX_MUL_IP_CORE_S_INT/ETSE_GDSP_TCL/ETSE_GDSP_TCL.srcs/sources_1/ip/xbip_dsp48_macro_0/xbip_dsp48_macro_v3_0/hdl/xbip_dsp48_macro_v3_0.vhd:229]
INFO: [Synth 8-256] done synthesizing module 'xbip_dsp48_macro_0' (6#1) [/home/tsotne/git/ETSE_GDSP/Matrix_for_RBM/MATRIX_MUL_IP_CORE_S_INT/ETSE_GDSP_TCL/ETSE_GDSP_TCL.srcs/sources_1/ip/xbip_dsp48_macro_0/synth/xbip_dsp48_macro_0.vhd:70]
---------------------------------------------------------------------------------
Finished RTL Elaboration : Time (s): cpu = 00:00:10 ; elapsed = 00:01:30 . Memory (MB): peak = 1022.125 ; gain = 201.293 ; free physical = 116 ; free virtual = 9201
---------------------------------------------------------------------------------

Report Check Netlist: 
+------+------------------+-------+---------+-------+------------------+
|      |Item              |Errors |Warnings |Status |Description       |
+------+------------------+-------+---------+-------+------------------+
|1     |multi_driven_nets |      0|        0|Passed |Multi driven nets |
+------+------------------+-------+---------+-------+------------------+
---------------------------------------------------------------------------------
Finished RTL Optimization Phase 1 : Time (s): cpu = 00:00:10 ; elapsed = 00:01:30 . Memory (MB): peak = 1022.125 ; gain = 201.293 ; free physical = 115 ; free virtual = 9200
---------------------------------------------------------------------------------
INFO: [Netlist 29-17] Analyzing 1 Unisim elements for replacement
INFO: [Netlist 29-28] Unisim Transformation completed in 0 CPU seconds
INFO: [Device 21-403] Loading part xc7vx485tffg1157-2
INFO: [Project 1-570] Preparing netlist for logic optimization

Processing XDC Constraints
Initializing timing engine
Parsing XDC File [/home/tsotne/git/ETSE_GDSP/Matrix_for_RBM/MATRIX_MUL_IP_CORE_S_INT/ETSE_GDSP_TCL/ETSE_GDSP_TCL.srcs/sources_1/ip/xbip_dsp48_macro_0/xbip_dsp48_macro_0_ooc.xdc] for cell 'U0'
Finished Parsing XDC File [/home/tsotne/git/ETSE_GDSP/Matrix_for_RBM/MATRIX_MUL_IP_CORE_S_INT/ETSE_GDSP_TCL/ETSE_GDSP_TCL.srcs/sources_1/ip/xbip_dsp48_macro_0/xbip_dsp48_macro_0_ooc.xdc] for cell 'U0'
Parsing XDC File [/home/tsotne/git/ETSE_GDSP/Matrix_for_RBM/MATRIX_MUL_IP_CORE_S_INT/ETSE_GDSP_TCL/ETSE_GDSP_TCL.runs/xbip_dsp48_macro_0_synth_1/dont_touch.xdc]
Finished Parsing XDC File [/home/tsotne/git/ETSE_GDSP/Matrix_for_RBM/MATRIX_MUL_IP_CORE_S_INT/ETSE_GDSP_TCL/ETSE_GDSP_TCL.runs/xbip_dsp48_macro_0_synth_1/dont_touch.xdc]
Completed Processing XDC Constraints

INFO: [Project 1-111] Unisim Transformation Summary:
No Unisim elements were transformed.

Constraint Validation Runtime : Time (s): cpu = 00:00:00.03 ; elapsed = 00:00:00.01 . Memory (MB): peak = 1376.219 ; gain = 0.000 ; free physical = 103 ; free virtual = 8871
---------------------------------------------------------------------------------
Finished Constraint Validation : Time (s): cpu = 00:00:25 ; elapsed = 00:02:26 . Memory (MB): peak = 1376.223 ; gain = 555.391 ; free physical = 123 ; free virtual = 8871
---------------------------------------------------------------------------------
---------------------------------------------------------------------------------
Start Loading Part and Timing Information
---------------------------------------------------------------------------------
Loading part: xc7vx485tffg1157-2
---------------------------------------------------------------------------------
Finished Loading Part and Timing Information : Time (s): cpu = 00:00:25 ; elapsed = 00:02:26 . Memory (MB): peak = 1376.223 ; gain = 555.391 ; free physical = 122 ; free virtual = 8871
---------------------------------------------------------------------------------
---------------------------------------------------------------------------------
Start Applying 'set_property' XDC Constraints
---------------------------------------------------------------------------------
Applied set_property DONT_TOUCH = true for U0. (constraint file  /home/tsotne/git/ETSE_GDSP/Matrix_for_RBM/MATRIX_MUL_IP_CORE_S_INT/ETSE_GDSP_TCL/ETSE_GDSP_TCL.runs/xbip_dsp48_macro_0_synth_1/dont_touch.xdc, line 9).
---------------------------------------------------------------------------------
Finished applying 'set_property' XDC Constraints : Time (s): cpu = 00:00:25 ; elapsed = 00:02:26 . Memory (MB): peak = 1376.223 ; gain = 555.391 ; free physical = 122 ; free virtual = 8871
---------------------------------------------------------------------------------
---------------------------------------------------------------------------------
Finished RTL Optimization Phase 2 : Time (s): cpu = 00:00:25 ; elapsed = 00:02:26 . Memory (MB): peak = 1384.230 ; gain = 563.398 ; free physical = 112 ; free virtual = 8855
---------------------------------------------------------------------------------

Report RTL Partitions: 
+-+--------------+------------+----------+
| |RTL Partition |Replication |Instances |
+-+--------------+------------+----------+
+-+--------------+------------+----------+
---------------------------------------------------------------------------------
Start RTL Component Statistics 
---------------------------------------------------------------------------------
---------------------------------------------------------------------------------
Finished RTL Component Statistics 
---------------------------------------------------------------------------------
---------------------------------------------------------------------------------
Start RTL Hierarchical Component Statistics 
---------------------------------------------------------------------------------
---------------------------------------------------------------------------------
Finished RTL Hierarchical Component Statistics
---------------------------------------------------------------------------------
---------------------------------------------------------------------------------
Start Part Resource Summary
---------------------------------------------------------------------------------
Part Resources:
DSPs: 2800 (col length:140)
BRAMs: 2060 (col length: RAMB18 140 RAMB36 70)
---------------------------------------------------------------------------------
Finished Part Resource Summary
---------------------------------------------------------------------------------
Start Parallel Synthesis Optimization  : Time (s): cpu = 00:00:25 ; elapsed = 00:02:26 . Memory (MB): peak = 1384.230 ; gain = 563.398 ; free physical = 112 ; free virtual = 8856
---------------------------------------------------------------------------------
Start Cross Boundary Optimization
---------------------------------------------------------------------------------
---------------------------------------------------------------------------------
Finished Cross Boundary Optimization : Time (s): cpu = 00:00:25 ; elapsed = 00:02:27 . Memory (MB): peak = 1392.238 ; gain = 571.406 ; free physical = 104 ; free virtual = 8849
---------------------------------------------------------------------------------
Finished Parallel Reinference  : Time (s): cpu = 00:00:25 ; elapsed = 00:02:27 . Memory (MB): peak = 1392.238 ; gain = 571.406 ; free physical = 104 ; free virtual = 8849

Report RTL Partitions: 
+-+--------------+------------+----------+
| |RTL Partition |Replication |Instances |
+-+--------------+------------+----------+
+-+--------------+------------+----------+
---------------------------------------------------------------------------------
Start Area Optimization
---------------------------------------------------------------------------------
---------------------------------------------------------------------------------
Finished Area Optimization : Time (s): cpu = 00:00:26 ; elapsed = 00:02:27 . Memory (MB): peak = 1392.238 ; gain = 571.406 ; free physical = 101 ; free virtual = 8849
---------------------------------------------------------------------------------
Finished Parallel Area Optimization  : Time (s): cpu = 00:00:26 ; elapsed = 00:02:27 . Memory (MB): peak = 1392.238 ; gain = 571.406 ; free physical = 101 ; free virtual = 8849

Report RTL Partitions: 
+-+--------------+------------+----------+
| |RTL Partition |Replication |Instances |
+-+--------------+------------+----------+
+-+--------------+------------+----------+
Finished Parallel Synthesis Optimization  : Time (s): cpu = 00:00:26 ; elapsed = 00:02:27 . Memory (MB): peak = 1392.238 ; gain = 571.406 ; free physical = 101 ; free virtual = 8849
---------------------------------------------------------------------------------
Start Timing Optimization
---------------------------------------------------------------------------------
---------------------------------------------------------------------------------
Start Applying XDC Timing Constraints
---------------------------------------------------------------------------------
---------------------------------------------------------------------------------
Finished Applying XDC Timing Constraints : Time (s): cpu = 00:00:41 ; elapsed = 00:02:43 . Memory (MB): peak = 1446.234 ; gain = 625.402 ; free physical = 123 ; free virtual = 8768
---------------------------------------------------------------------------------
---------------------------------------------------------------------------------
Finished Timing Optimization : Time (s): cpu = 00:00:42 ; elapsed = 00:02:43 . Memory (MB): peak = 1446.234 ; gain = 625.402 ; free physical = 124 ; free virtual = 8767
---------------------------------------------------------------------------------

Report RTL Partitions: 
+-+--------------+------------+----------+
| |RTL Partition |Replication |Instances |
+-+--------------+------------+----------+
+-+--------------+------------+----------+
---------------------------------------------------------------------------------
Start Technology Mapping
---------------------------------------------------------------------------------
---------------------------------------------------------------------------------
Finished Technology Mapping : Time (s): cpu = 00:00:42 ; elapsed = 00:02:43 . Memory (MB): peak = 1467.266 ; gain = 646.434 ; free physical = 122 ; free virtual = 8764
---------------------------------------------------------------------------------

Report RTL Partitions: 
+-+--------------+------------+----------+
| |RTL Partition |Replication |Instances |
+-+--------------+------------+----------+
+-+--------------+------------+----------+
---------------------------------------------------------------------------------
Start IO Insertion
---------------------------------------------------------------------------------
---------------------------------------------------------------------------------
Start Final Netlist Cleanup
---------------------------------------------------------------------------------
---------------------------------------------------------------------------------
Finished Final Netlist Cleanup
---------------------------------------------------------------------------------
---------------------------------------------------------------------------------
Finished IO Insertion : Time (s): cpu = 00:00:42 ; elapsed = 00:02:44 . Memory (MB): peak = 1467.266 ; gain = 646.434 ; free physical = 121 ; free virtual = 8763
---------------------------------------------------------------------------------

Report Check Netlist: 
+------+------------------+-------+---------+-------+------------------+
|      |Item              |Errors |Warnings |Status |Description       |
+------+------------------+-------+---------+-------+------------------+
|1     |multi_driven_nets |      0|        0|Passed |Multi driven nets |
+------+------------------+-------+---------+-------+------------------+
---------------------------------------------------------------------------------
Start Renaming Generated Instances
---------------------------------------------------------------------------------
---------------------------------------------------------------------------------
Finished Renaming Generated Instances : Time (s): cpu = 00:00:42 ; elapsed = 00:02:44 . Memory (MB): peak = 1467.266 ; gain = 646.434 ; free physical = 121 ; free virtual = 8763
---------------------------------------------------------------------------------

Report RTL Partitions: 
+-+--------------+------------+----------+
| |RTL Partition |Replication |Instances |
+-+--------------+------------+----------+
+-+--------------+------------+----------+
---------------------------------------------------------------------------------
Start Rebuilding User Hierarchy
---------------------------------------------------------------------------------
---------------------------------------------------------------------------------
Finished Rebuilding User Hierarchy : Time (s): cpu = 00:00:42 ; elapsed = 00:02:44 . Memory (MB): peak = 1467.266 ; gain = 646.434 ; free physical = 119 ; free virtual = 8762
---------------------------------------------------------------------------------
---------------------------------------------------------------------------------
Start Renaming Generated Ports : Time (s): cpu = 00:00:42 ; elapsed = 00:02:44 . Memory (MB): peak = 1467.266 ; gain = 646.434 ; free physical = 119 ; free virtual = 8762
---------------------------------------------------------------------------------
---------------------------------------------------------------------------------
Finished Renaming Generated Ports : Time (s): cpu = 00:00:42 ; elapsed = 00:02:44 . Memory (MB): peak = 1467.266 ; gain = 646.434 ; free physical = 118 ; free virtual = 8762
---------------------------------------------------------------------------------
---------------------------------------------------------------------------------
Start Writing Synthesis Report
---------------------------------------------------------------------------------

Report BlackBoxes: 
+-+--------------+----------+
| |BlackBox name |Instances |
+-+--------------+----------+
+-+--------------+----------+

Report Cell Usage: 
+------+--------+------+
|      |Cell    |Count |
+------+--------+------+
|1     |DSP48E1 |     1|
|2     |LUT2    |    50|
|3     |LUT3    |     8|
|4     |FDRE    |   382|
+------+--------+------+
---------------------------------------------------------------------------------
Finished Writing Synthesis Report : Time (s): cpu = 00:00:42 ; elapsed = 00:02:44 . Memory (MB): peak = 1467.266 ; gain = 646.434 ; free physical = 110 ; free virtual = 8759
---------------------------------------------------------------------------------
Synthesis finished with 0 errors, 0 critical warnings and 0 warnings.
Synthesis Optimization Runtime : Time (s): cpu = 00:00:26 ; elapsed = 00:00:26 . Memory (MB): peak = 1467.266 ; gain = 173.332 ; free physical = 109 ; free virtual = 8759
Synthesis Optimization Complete : Time (s): cpu = 00:00:43 ; elapsed = 00:02:44 . Memory (MB): peak = 1467.266 ; gain = 646.434 ; free physical = 109 ; free virtual = 8759
INFO: [Project 1-571] Translating synthesized netlist
INFO: [Netlist 29-17] Analyzing 1 Unisim elements for replacement
INFO: [Netlist 29-28] Unisim Transformation completed in 0 CPU seconds
INFO: [Project 1-570] Preparing netlist for logic optimization
Parsing XDC File [/home/tsotne/git/ETSE_GDSP/Matrix_for_RBM/MATRIX_MUL_IP_CORE_S_INT/ETSE_GDSP_TCL/ETSE_GDSP_TCL.srcs/sources_1/ip/xbip_dsp48_macro_0/xbip_dsp48_macro_0_ooc.xdc] for cell 'U0'
Finished Parsing XDC File [/home/tsotne/git/ETSE_GDSP/Matrix_for_RBM/MATRIX_MUL_IP_CORE_S_INT/ETSE_GDSP_TCL/ETSE_GDSP_TCL.srcs/sources_1/ip/xbip_dsp48_macro_0/xbip_dsp48_macro_0_ooc.xdc] for cell 'U0'
INFO: [Opt 31-138] Pushed 0 inverter(s) to 0 load pin(s).
INFO: [Project 1-111] Unisim Transformation Summary:
No Unisim elements were transformed.

INFO: [Common 17-83] Releasing license: Synthesis
57 Infos, 67 Warnings, 0 Critical Warnings and 0 Errors encountered.
synth_design completed successfully
synth_design: Time (s): cpu = 00:00:42 ; elapsed = 00:02:43 . Memory (MB): peak = 1467.270 ; gain = 535.434 ; free physical = 139 ; free virtual = 8581
INFO: [Coretcl 2-1174] Renamed 21 cell refs.
report_utilization: Time (s): cpu = 00:00:00.22 ; elapsed = 00:00:00.30 . Memory (MB): peak = 1499.285 ; gain = 0.000 ; free physical = 124 ; free virtual = 8579
INFO: [Common 17-206] Exiting Vivado at Thu Jul  7 10:39:55 2016...
