Printing stacktrace...

[0] /opt/Xilinx/14.7/ISE_DS/ISE/./lib/lin64/libhsimengine.so(HSimTransaction::action()+0xc5) [0x7fda5af78655]
[1] /opt/Xilinx/14.7/ISE_DS/ISE/./lib/lin64/libhsimengine.so(HSimKernel::processEvents()+0x4f) [0x7fda5af0356f]
[2] /opt/Xilinx/14.7/ISE_DS/ISE/./lib/lin64/libhsimengine.so(HSimKernel::spsimCurrentSlot(HSimQArrayS*)+0x3e) [0x7fda5af0739e]
[3] /opt/Xilinx/14.7/ISE_DS/ISE/./lib/lin64/libhsimengine.so(HSimKernel::spsimInternal(long long)+0xb7) [0x7fda5af078c7]
[4] /opt/Xilinx/14.7/ISE_DS/ISE/./lib/lin64/libhsimengine.so(HSimKernel::spsim(long long)+0xcd) [0x7fda5af079fd]
[5] /opt/Xilinx/14.7/ISE_DS/ISE/./lib/lin64/libhsimengine.so(ISimEngine::SimulationThread::runCommand()+0x9f) [0x7fda5af4fbbf]
[6] /opt/Xilinx/14.7/ISE_DS/ISE/./lib/lin64/libhsimengine.so(ISimEngine::SimulationThread::loop()+0x91) [0x7fda5af50b11]
[7] /opt/Xilinx/14.7/ISE_DS/ISE/./lib/lin64/libhsimengine.so(HSimSimCtl::runTcl(HSimConfigDecl*, HSimEntyBlk*, int, char**)+0x25c) [0x7fda5af4b43c]
[8] TB_MATRIX_MUL_IP_CORE_S_INT_isim_beh.exe(main+0x384) [0x402921]
[9] /lib/x86_64-linux-gnu/libc.so.6(__libc_start_main+0xf5) [0x7fda5aa0ef45]
[10] TB_MATRIX_MUL_IP_CORE_S_INT_isim_beh.exe() [0x4024d9]
Done
Printing stacktrace...

[0] /opt/Xilinx/14.7/ISE_DS/ISE/./lib/lin64/libhsimengine.so(HSimTransaction::action()+0xc5) [0x7fda5af78655]
[1] /opt/Xilinx/14.7/ISE_DS/ISE/./lib/lin64/libhsimengine.so(HSimKernel::processEvents()+0x4f) [0x7fda5af0356f]
[2] /opt/Xilinx/14.7/ISE_DS/ISE/./lib/lin64/libhsimengine.so(HSimKernel::spsimCurrentSlot(HSimQArrayS*)+0x3e) [0x7fda5af0739e]
[3] /opt/Xilinx/14.7/ISE_DS/ISE/./lib/lin64/libhsimengine.so(HSimKernel::spsimInternal(long long)+0xb7) [0x7fda5af078c7]
[4] /opt/Xilinx/14.7/ISE_DS/ISE/./lib/lin64/libhsimengine.so(HSimKernel::spsim(long long)+0xcd) [0x7fda5af079fd]
[5] /opt/Xilinx/14.7/ISE_DS/ISE/./lib/lin64/libhsimengine.so(ISimEngine::SimulationThread::runCommand()+0x9f) [0x7fda5af4fbbf]
[6] /opt/Xilinx/14.7/ISE_DS/ISE/./lib/lin64/libhsimengine.so(ISimEngine::SimulationThread::loop()+0x91) [0x7fda5af50b11]
[7] /opt/Xilinx/14.7/ISE_DS/ISE/./lib/lin64/libhsimengine.so(HSimSimCtl::runTcl(HSimConfigDecl*, HSimEntyBlk*, int, char**)+0x25c) [0x7fda5af4b43c]
[8] TB_MATRIX_MUL_IP_CORE_S_INT_isim_beh.exe(main+0x384) [0x402921]
[9] /lib/x86_64-linux-gnu/libc.so.6(__libc_start_main+0xf5) [0x7fda5aa0ef45]
[10] TB_MATRIX_MUL_IP_CORE_S_INT_isim_beh.exe() [0x4024d9]
Done
